#
# A fatal error has been detected by the Java Runtime Environment:
#
#  SIGSEGV (0xb) at pc=0x000000011d2ea5dd, pid=662, tid=2571
#
# JRE version: Java(TM) SE Runtime Environment (8.0_40-b25) (build 1.8.0_40-b25)
# Java VM: Java HotSpot(TM) 64-Bit Server VM (25.40-b25 mixed mode bsd-amd64 compressed oops)
# Problematic frame:
# C  [libglass.dylib+0x155dd]  GlassScreenDidChangeScreenParameters+0x9d
#
# Failed to write core dump. Core dumps have been disabled. To enable core dumping, try "ulimit -c unlimited" before starting Java again
#
# If you would like to submit a bug report, please visit:
#   http://bugreport.java.com/bugreport/crash.jsp
#

---------------  T H R E A D  ---------------

Current thread is native thread

siginfo: si_signo: 11 (SIGSEGV), si_code: 1 (SEGV_MAPERR), si_addr: 0x0000000000000000

Registers:
RAX=0x000000011d31cbc0, RBX=0x0000000000000000, RCX=0x0000000000000103, RDX=0x00007fa559fd0090
RSP=0x00007fff59d61be0, RBP=0x00007fff59d61bf0, RSI=0x00007fa559e04d40, RDI=0x0000000000000000
R8 =0x0000000000000040, R9 =0x00007fff7b2041e0, R10=0xffffffffffffffff, R11=0x0000000000000246
R12=0x00007fa559d5e3d0, R13=0x00007fa559f6ff80, R14=0x00007fa559f70040, R15=0x0000000000000000
RIP=0x000000011d2ea5dd, EFLAGS=0x0000000000010206, ERR=0x0000000000000004
  TRAPNO=0x000000000000000e

Top of Stack: (sp=0x00007fff59d61be0)
0x00007fff59d61be0:   00007fff59d61c38 00007fa559f70040
0x00007fff59d61bf0:   00007fff59d61c00 00007fff8ce33a0c
0x00007fff59d61c00:   00007fff59d61c20 00007fff8ce3399f
0x00007fff59d61c10:   0000000000000000 0000000000000000
0x00007fff59d61c20:   00007fff59d61c90 00007fff8ce33917
0x00007fff59d61c30:   00007fff7bd18110 00007fff797170a0
0x00007fff59d61c40:   0000000042000000 00007fff8ce33960
0x00007fff59d61c50:   00007fff79c656f0 00007fa559f6ff80
0x00007fff59d61c60:   00007fa559d5e3d0 00007fff59d62438
0x00007fff59d61c70:   00007fff79d90bd0 00007fff59d62438
0x00007fff59d61c80:   00007fa559f6ff80 00007fff8d1f2955
0x00007fff59d61c90:   00007fff59d61cd0 00007fff8ce33682
0x00007fff59d61ca0:   00007fff59d622b0 0000000000000000
0x00007fff59d61cb0:   00007fff79d90bd0 00007fff59d62438
0x00007fff59d61cc0:   00007fff8d94ad40 00007fff8d1f2955
0x00007fff59d61cd0:   00007fff59d623e0 00007fff8cdf0442
0x00007fff59d61ce0:   00007fff59d61d30 00007fff9479a598
0x00007fff59d61cf0:   00007fa559cbe0c0 00007fa559e0b340
0x00007fff59d61d00:   00007fa55a805048 00007fa559f57ae0
0x00007fff59d61d10:   0000000000000000 00007fa559f700a0
0x00007fff59d61d20:   0000000000000000 0000000000000000
0x00007fff59d61d30:   00007fff79ca25b0 00007fff59d622b0
0x00007fff59d61d40:   0000000000000001 0000000000000100
0x00007fff59d61d50:   0000000000000b00 00007fff59d621b0
0x00007fff59d61d60:   0000000000000000 0000000000000100
0x00007fff59d61d70:   00007fff59d61d00 00007fff79d90bd0
0x00007fff59d61d80:   0000000000000000 00007fff79c66490
0x00007fff59d61d90:   00007fff79d90bd0 0000000000000000
0x00007fff59d61da0:   00007fff79c66490 00007fa559d2c360
0x00007fff59d61db0:   00007fa559cbe000 0000000000000002
0x00007fff59d61dc0:   0000000000000000 00007fff8d94ad40
0x00007fff59d61dd0:   00007fff59d61f90 00007fff9a7cf2a4 

Instructions: (pc=0x000000011d2ea5dd)
0x000000011d2ea5bd:   89 df 4c 89 f1 41 ff 90 68 04 00 00 48 8d 05 f8
0x000000011d2ea5cd:   24 03 00 48 8b 30 48 8d 05 e6 25 03 00 48 8b 10
0x000000011d2ea5dd:   48 8b 0b 30 c0 48 89 df ff 91 68 04 00 00 48 8b
0x000000011d2ea5ed:   03 48 89 df ff 50 78 48 85 c0 74 36 49 89 c6 48 

Register to memory mapping:

RAX=0x000000011d31cbc0: jScreenNotifySettingsChanged+0 in /Library/Java/JavaVirtualMachines/jdk1.8.0_40.jdk/Contents/Home/jre/lib/libglass.dylib at 0x000000011d2d5000
RBX=0x0000000000000000 is an unknown value
RCX=0x0000000000000103 is an unknown value
RDX=0x00007fa559fd0090 is an unknown value
RSP=0x00007fff59d61be0 is an unknown value
RBP=0x00007fff59d61bf0 is an unknown value
RSI=0x00007fa559e04d40 is a global jni handle
RDI=0x0000000000000000 is an unknown value
R8 =0x0000000000000040 is an unknown value
R9 =0x00007fff7b2041e0: __sFX+0x1c0 in /usr/lib/system/libsystem_c.dylib at 0x00007fff953b1000
R10=0xffffffffffffffff is an unknown value
R11=0x0000000000000246 is an unknown value
R12=0x00007fa559d5e3d0 is an unknown value
R13=0x00007fa559f6ff80 is an unknown value
R14=0x00007fa559f70040 is an unknown value
R15=0x0000000000000000 is an unknown value


Stack: [0x00007fff59565000,0x00007fff59d65000],  sp=0x00007fff59d61be0,  free space=8178k
Native frames: (J=compiled Java code, j=interpreted, Vv=VM code, C=native code)
C  [libglass.dylib+0x155dd]  GlassScreenDidChangeScreenParameters+0x9d
C  [CoreFoundation+0xa0a0c]  __CFNOTIFICATIONCENTER_IS_CALLING_OUT_TO_AN_OBSERVER__+0xc
C  [CoreFoundation+0xa099f]  ___CFXRegistrationPost_block_invoke+0x3f
C  [CoreFoundation+0xa0917]  _CFXRegistrationPost+0x197
C  [CoreFoundation+0xa0682]  ___CFXNotificationPost_block_invoke+0x32
C  [CoreFoundation+0x5d442]  -[_CFXNotificationRegistrar find:object:observer:enumerator:]+0x782
C  [CoreFoundation+0x5c695]  _CFXNotificationPost+0x2b5
C  [Foundation+0x731a]  -[NSNotificationCenter postNotificationName:object:userInfo:]+0x42
C  [AppKit+0x41dbae]  -[NSApplication _reactToScreenInvalidationImmediately:]+0x17f
C  [AppKit+0x41d9ff]  __44-[NSApplication _reactToScreenInvalidation:]_block_invoke+0x3b
C  [CoreFoundation+0xaa24c]  __CFRUNLOOP_IS_CALLING_OUT_TO_A_BLOCK__+0xc
C  [CoreFoundation+0x89b65]  __CFRunLoopDoBlocks+0x155
C  [CoreFoundation+0x898cb]  __CFRunLoopRun+0x92b
C  [CoreFoundation+0x88d38]  CFRunLoopRunSpecific+0x128
C  [java+0x6490]  CreateExecutionEnvironment+0x367
C  [java+0x221c]  JLI_Launch+0x7a0
C  [java+0x84ed]  main+0x65
C  [java+0x1a74]  start+0x34


---------------  P R O C E S S  ---------------

VM state:not at safepoint (normal execution)

VM Mutex/Monitor currently owned by a thread: None

Heap:
 PSYoungGen      total 18944K, used 12459K [0x00000007aab00000, 0x00000007ac000000, 0x00000007c0000000)
  eden space 16384K, 76% used [0x00000007aab00000,0x00000007ab72ac88,0x00000007abb00000)
  from space 2560K, 0% used [0x00000007abb00000,0x00000007abb00000,0x00000007abd80000)
  to   space 2560K, 0% used [0x00000007abd80000,0x00000007abd80000,0x00000007ac000000)
 ParOldGen       total 44032K, used 5554K [0x0000000780000000, 0x0000000782b00000, 0x00000007aab00000)
  object space 44032K, 12% used [0x0000000780000000,0x000000078056ca78,0x0000000782b00000)
 Metaspace       used 19589K, capacity 20724K, committed 20864K, reserved 1067008K
  class space    used 2868K, capacity 3110K, committed 3200K, reserved 1048576K

Card table byte_map: [0x0000000116d29000,0x0000000116f2a000] byte_map_base: 0x0000000113129000

Marking Bits: (ParMarkBitMap*) 0x00000001072c27a0
 Begin Bits: [0x0000000117080000, 0x0000000118080000)
 End Bits:   [0x0000000118080000, 0x0000000119080000)

Polling page: 0x000000010615e000

CodeCache: size=245760Kb used=7126Kb max_used=7133Kb free=238633Kb
 bounds [0x0000000107969000, 0x0000000108069000, 0x0000000116969000]
 total_blobs=3039 nmethods=2372 adapters=579
 compilation: enabled

Compilation events (10 events):
Event: 67.689 Thread 0x00007fa55a036800 2369       4       java.lang.Long::hashCode (8 bytes)
Event: 67.689 Thread 0x00007fa55a036800 nmethod 2369 0x0000000108059dd0 code [0x0000000108059f20, 0x0000000108059f98]
Event: 90.091 Thread 0x00007fa55a065800 2370       4       java.util.ArrayList::<init> (61 bytes)
Event: 90.094 Thread 0x00007fa55a065800 nmethod 2370 0x0000000108063710 code [0x0000000108063860, 0x0000000108063998]
Event: 90.098 Thread 0x00007fa55a036800 2371       4       com.sun.javafx.tk.quantum.QuantumToolkit$$Lambda$42/96025099::run (8 bytes)
Event: 90.107 Thread 0x00007fa55a036800 nmethod 2371 0x0000000108061210 code [0x00000001080613a0, 0x0000000108061678]
Event: 94.519 Thread 0x00007fa55a066000 2372       3       java.lang.ClassLoader::checkClassLoaderPermission (29 bytes)
Event: 94.520 Thread 0x00007fa55a066000 nmethod 2372 0x0000000108060610 code [0x00000001080607e0, 0x0000000108060ee8]
Event: 94.520 Thread 0x00007fa55a066000 2373       3       java.lang.ClassLoader::needsClassLoaderPermissionCheck (27 bytes)
Event: 94.520 Thread 0x00007fa55a066000 nmethod 2373 0x0000000108062910 code [0x0000000108062aa0, 0x0000000108062e90]

GC Heap History (8 events):
Event: 0.678 GC heap before
{Heap before GC invocations=1 (full 0):
 PSYoungGen      total 18944K, used 16384K [0x00000007aab00000, 0x00000007ac000000, 0x00000007c0000000)
  eden space 16384K, 100% used [0x00000007aab00000,0x00000007abb00000,0x00000007abb00000)
  from space 2560K, 0% used [0x00000007abd80000,0x00000007abd80000,0x00000007ac000000)
  to   space 2560K, 0% used [0x00000007abb00000,0x00000007abb00000,0x00000007abd80000)
 ParOldGen       total 44032K, used 0K [0x0000000780000000, 0x0000000782b00000, 0x00000007aab00000)
  object space 44032K, 0% used [0x0000000780000000,0x0000000780000000,0x0000000782b00000)
 Metaspace       used 9376K, capacity 9682K, committed 9728K, reserved 1058816K
  class space    used 1157K, capacity 1259K, committed 1280K, reserved 1048576K
Event: 0.683 GC heap after
Heap after GC invocations=1 (full 0):
 PSYoungGen      total 18944K, used 2288K [0x00000007aab00000, 0x00000007ac000000, 0x00000007c0000000)
  eden space 16384K, 0% used [0x00000007aab00000,0x00000007aab00000,0x00000007abb00000)
  from space 2560K, 89% used [0x00000007abb00000,0x00000007abd3c030,0x00000007abd80000)
  to   space 2560K, 0% used [0x00000007abd80000,0x00000007abd80000,0x00000007ac000000)
 ParOldGen       total 44032K, used 72K [0x0000000780000000, 0x0000000782b00000, 0x00000007aab00000)
  object space 44032K, 0% used [0x0000000780000000,0x0000000780012010,0x0000000782b00000)
 Metaspace       used 9376K, capacity 9682K, committed 9728K, reserved 1058816K
  class space    used 1157K, capacity 1259K, committed 1280K, reserved 1048576K
}
Event: 1.456 GC heap before
{Heap before GC invocations=2 (full 0):
 PSYoungGen      total 18944K, used 18672K [0x00000007aab00000, 0x00000007ac000000, 0x00000007c0000000)
  eden space 16384K, 100% used [0x00000007aab00000,0x00000007abb00000,0x00000007abb00000)
  from space 2560K, 89% used [0x00000007abb00000,0x00000007abd3c030,0x00000007abd80000)
  to   space 2560K, 0% used [0x00000007abd80000,0x00000007abd80000,0x00000007ac000000)
 ParOldGen       total 44032K, used 72K [0x0000000780000000, 0x0000000782b00000, 0x00000007aab00000)
  object space 44032K, 0% used [0x0000000780000000,0x0000000780012010,0x0000000782b00000)
 Metaspace       used 13377K, capacity 13844K, committed 14080K, reserved 1060864K
  class space    used 1840K, capacity 1966K, committed 2048K, reserved 1048576K
Event: 1.465 GC heap after
Heap after GC invocations=2 (full 0):
 PSYoungGen      total 18944K, used 2544K [0x00000007aab00000, 0x00000007ac000000, 0x00000007c0000000)
  eden space 16384K, 0% used [0x00000007aab00000,0x00000007aab00000,0x00000007abb00000)
  from space 2560K, 99% used [0x00000007abd80000,0x00000007abffc030,0x00000007ac000000)
  to   space 2560K, 0% used [0x00000007abb00000,0x00000007abb00000,0x00000007abd80000)
 ParOldGen       total 44032K, used 1826K [0x0000000780000000, 0x0000000782b00000, 0x00000007aab00000)
  object space 44032K, 4% used [0x0000000780000000,0x00000007801c88c0,0x0000000782b00000)
 Metaspace       used 13377K, capacity 13844K, committed 14080K, reserved 1060864K
  class space    used 1840K, capacity 1966K, committed 2048K, reserved 1048576K
}
Event: 1.889 GC heap before
{Heap before GC invocations=3 (full 0):
 PSYoungGen      total 18944K, used 12053K [0x00000007aab00000, 0x00000007ac000000, 0x00000007c0000000)
  eden space 16384K, 58% used [0x00000007aab00000,0x00000007ab4496d0,0x00000007abb00000)
  from space 2560K, 99% used [0x00000007abd80000,0x00000007abffc030,0x00000007ac000000)
  to   space 2560K, 0% used [0x00000007abb00000,0x00000007abb00000,0x00000007abd80000)
 ParOldGen       total 44032K, used 1826K [0x0000000780000000, 0x0000000782b00000, 0x00000007aab00000)
  object space 44032K, 4% used [0x0000000780000000,0x00000007801c88c0,0x0000000782b00000)
 Metaspace       used 17568K, capacity 18504K, committed 18816K, reserved 1064960K
  class space    used 2598K, capacity 2822K, committed 2944K, reserved 1048576K
Event: 1.895 GC heap after
Heap after GC invocations=3 (full 0):
 PSYoungGen      total 18944K, used 2528K [0x00000007aab00000, 0x00000007ac000000, 0x00000007c0000000)
  eden space 16384K, 0% used [0x00000007aab00000,0x00000007aab00000,0x00000007abb00000)
  from space 2560K, 98% used [0x00000007abb00000,0x00000007abd78040,0x00000007abd80000)
  to   space 2560K, 0% used [0x00000007abd80000,0x00000007abd80000,0x00000007ac000000)
 ParOldGen       total 44032K, used 3166K [0x0000000780000000, 0x0000000782b00000, 0x00000007aab00000)
  object space 44032K, 7% used [0x0000000780000000,0x0000000780317ab0,0x0000000782b00000)
 Metaspace       used 17568K, capacity 18504K, committed 18816K, reserved 1064960K
  class space    used 2598K, capacity 2822K, committed 2944K, reserved 1048576K
}
Event: 1.896 GC heap before
{Heap before GC invocations=4 (full 1):
 PSYoungGen      total 18944K, used 2528K [0x00000007aab00000, 0x00000007ac000000, 0x00000007c0000000)
  eden space 16384K, 0% used [0x00000007aab00000,0x00000007aab00000,0x00000007abb00000)
  from space 2560K, 98% used [0x00000007abb00000,0x00000007abd78040,0x00000007abd80000)
  to   space 2560K, 0% used [0x00000007abd80000,0x00000007abd80000,0x00000007ac000000)
 ParOldGen       total 44032K, used 3166K [0x0000000780000000, 0x0000000782b00000, 0x00000007aab00000)
  object space 44032K, 7% used [0x0000000780000000,0x0000000780317ab0,0x0000000782b00000)
 Metaspace       used 17568K, capacity 18504K, committed 18816K, reserved 1064960K
  class space    used 2598K, capacity 2822K, committed 2944K, reserved 1048576K
Event: 1.955 GC heap after
Heap after GC invocations=4 (full 1):
 PSYoungGen      total 18944K, used 0K [0x00000007aab00000, 0x00000007ac000000, 0x00000007c0000000)
  eden space 16384K, 0% used [0x00000007aab00000,0x00000007aab00000,0x00000007abb00000)
  from space 2560K, 0% used [0x00000007abb00000,0x00000007abb00000,0x00000007abd80000)
  to   space 2560K, 0% used [0x00000007abd80000,0x00000007abd80000,0x00000007ac000000)
 ParOldGen       total 44032K, used 5554K [0x0000000780000000, 0x0000000782b00000, 0x00000007aab00000)
  object space 44032K, 12% used [0x0000000780000000,0x000000078056ca78,0x0000000782b00000)
 Metaspace       used 17568K, capacity 18504K, committed 18816K, reserved 1064960K
  class space    used 2598K, capacity 2822K, committed 2944K, reserved 1048576K
}

Deoptimization events (10 events):
Event: 1.998 Thread 0x00007fa55a927800 Uncommon trap: reason=class_check action=maybe_recompile pc=0x0000000107e5ed14 method=java.io.FilterInputStream.read()I @ 4
Event: 1.998 Thread 0x00007fa55a927800 Uncommon trap: reason=class_check action=maybe_recompile pc=0x0000000107e5ed14 method=java.io.FilterInputStream.read()I @ 4
Event: 1.998 Thread 0x00007fa55a927800 Uncommon trap: reason=class_check action=maybe_recompile pc=0x0000000107e5ed14 method=java.io.FilterInputStream.read()I @ 4
Event: 2.005 Thread 0x00007fa55a927800 Uncommon trap: reason=array_check action=maybe_recompile pc=0x0000000107e76b38 method=com.sun.javafx.css.SimpleSelector.applies(Ljavafx/css/Styleable;[Ljava/util/Set;I)Z @ 37
Event: 2.005 Thread 0x00007fa55a927800 Uncommon trap: reason=array_check action=maybe_recompile pc=0x0000000107e76b38 method=com.sun.javafx.css.SimpleSelector.applies(Ljavafx/css/Styleable;[Ljava/util/Set;I)Z @ 37
Event: 2.005 Thread 0x00007fa55a927800 Uncommon trap: reason=array_check action=maybe_recompile pc=0x0000000107e76b38 method=com.sun.javafx.css.SimpleSelector.applies(Ljavafx/css/Styleable;[Ljava/util/Set;I)Z @ 37
Event: 2.005 Thread 0x00007fa55a927800 Uncommon trap: reason=array_check action=maybe_recompile pc=0x0000000107e76b38 method=com.sun.javafx.css.SimpleSelector.applies(Ljavafx/css/Styleable;[Ljava/util/Set;I)Z @ 37
Event: 2.006 Thread 0x00007fa55a927800 Uncommon trap: reason=unstable_if action=reinterpret pc=0x0000000107df5834 method=java.util.WeakHashMap.expungeStaleEntries()V @ 9
Event: 2.021 Thread 0x00007fa55a927800 Uncommon trap: reason=unstable_if action=reinterpret pc=0x0000000107e01488 method=com.sun.javafx.css.SimpleSelector.stateMatches(Ljavafx/css/Styleable;Ljava/util/Set;)Z @ 1
Event: 2.182 Thread 0x00007fa55a927800 Uncommon trap: reason=unstable_if action=reinterpret pc=0x0000000107d134fc method=jdk.internal.org.objectweb.asm.Type.getArgumentsAndReturnSizes(Ljava/lang/String;)I @ 47

Internal exceptions (10 events):
Event: 1.131 Thread 0x00007fa55a927800 Exception <a 'java/io/FileNotFoundException'> (0x00000007ab8b7920) thrown at [/Users/java_re/workspace/8-2-build-macosx-x86_64/jdk8u40/2855/hotspot/src/share/vm/prims/jni.cpp, line 709]
Event: 1.158 Thread 0x00007fa55a927800 Implicit null exception at 0x0000000107cc071d to 0x0000000107cc2db5
Event: 1.169 Thread 0x00007fa55a927800 Implicit null exception at 0x0000000107cb3053 to 0x0000000107cb59e1
Event: 1.820 Thread 0x00007fa55a927800 Exception <a 'java/io/FileNotFoundException'> (0x00000007ab384bc0) thrown at [/Users/java_re/workspace/8-2-build-macosx-x86_64/jdk8u40/2855/hotspot/src/share/vm/prims/jni.cpp, line 709]
Event: 1.957 Thread 0x00007fa55a927800 Exception <a 'java/lang/NoSuchMethodError': <clinit>> (0x00000007aab066d8) thrown at [/Users/java_re/workspace/8-2-build-macosx-x86_64/jdk8u40/2855/hotspot/src/share/vm/prims/jni.cpp, line 1598]
Event: 1.961 Thread 0x00007fa55a927800 Exception <a 'java/lang/NoSuchMethodError': <clinit>> (0x00000007aab1e1d0) thrown at [/Users/java_re/workspace/8-2-build-macosx-x86_64/jdk8u40/2855/hotspot/src/share/vm/prims/jni.cpp, line 1598]
Event: 1.964 Thread 0x00007fa55baf2800 Exception <a 'java/lang/InterruptedException'> (0x00000007aab48198) thrown at [/Users/java_re/workspace/8-2-build-macosx-x86_64/jdk8u40/2855/hotspot/src/share/vm/runtime/objectMonitor.cpp, line 1683]
Event: 2.021 Thread 0x00007fa55a927800 Implicit null exception at 0x0000000107e00f43 to 0x0000000107e0146d
Event: 5.758 Thread 0x00007fa55aad3000 Exception <a 'java/lang/NoSuchMethodError': <clinit>> (0x00000007ab41ccf8) thrown at [/Users/java_re/workspace/8-2-build-macosx-x86_64/jdk8u40/2855/hotspot/src/share/vm/prims/jni.cpp, line 1598]
Event: 5.759 Thread 0x00007fa55aad3000 Exception <a 'java/lang/NoSuchMethodError': <clinit>> (0x00000007ab4284d0) thrown at [/Users/java_re/workspace/8-2-build-macosx-x86_64/jdk8u40/2855/hotspot/src/share/vm/prims/jni.cpp, line 1598]

Events (10 events):
Event: 94.515 loading class javafx/application/Application done
Event: 94.519 loading class com/sun/javafx/tk/quantum/QuantumRenderer
Event: 94.519 loading class com/sun/javafx/tk/quantum/QuantumRenderer done
Event: 94.519 loading class com/sun/javafx/tk/quantum/QuantumToolkit
Event: 94.519 loading class com/sun/javafx/tk/quantum/QuantumToolkit done
Event: 94.519 Thread 0x00007fa55b872000 Thread exited: 0x00007fa55b872000
Event: 94.520 Thread 0x00007fa55b943000 Thread exited: 0x00007fa55b943000
Event: 94.520 Thread 0x00007fa55b001000 Thread exited: 0x00007fa55b001000
Event: 94.520 Thread 0x00007fa55aad2000 Thread added: 0x00007fa55aad2000
Event: 94.532 Thread 0x00007fa55a927800 Thread exited: 0x00007fa55a927800


Dynamic libraries:
0x00000000093d8000 	/System/Library/Frameworks/Cocoa.framework/Versions/A/Cocoa
0x00000000093d8000 	/System/Library/Frameworks/Security.framework/Versions/A/Security
0x00000000093d8000 	/System/Library/Frameworks/ApplicationServices.framework/Versions/A/ApplicationServices
0x00000000093d8000 	/usr/lib/libz.1.dylib
0x00000000093d8000 	/usr/lib/libSystem.B.dylib
0x00000000093d8000 	/usr/lib/libobjc.A.dylib
0x00000000093d8000 	/System/Library/Frameworks/CoreFoundation.framework/Versions/A/CoreFoundation
0x00000000093d8000 	/System/Library/Frameworks/Foundation.framework/Versions/C/Foundation
0x00000000093d8000 	/System/Library/Frameworks/AppKit.framework/Versions/C/AppKit
0x00000000093d8000 	/System/Library/Frameworks/CoreData.framework/Versions/A/CoreData
0x00000000093d8000 	/System/Library/PrivateFrameworks/RemoteViewServices.framework/Versions/A/RemoteViewServices
0x00000000093d8000 	/System/Library/PrivateFrameworks/UIFoundation.framework/Versions/A/UIFoundation
0x00000000093d8000 	/usr/lib/libScreenReader.dylib
0x00000000093d8000 	/System/Library/Frameworks/Accelerate.framework/Versions/A/Accelerate
0x00000000093d8000 	/System/Library/Frameworks/IOSurface.framework/Versions/A/IOSurface
0x00000000093d8000 	/System/Library/Frameworks/AudioToolbox.framework/Versions/A/AudioToolbox
0x00000000093d8000 	/System/Library/Frameworks/AudioUnit.framework/Versions/A/AudioUnit
0x00000000093d8000 	/System/Library/PrivateFrameworks/DataDetectorsCore.framework/Versions/A/DataDetectorsCore
0x00000000093d8000 	/System/Library/PrivateFrameworks/DesktopServicesPriv.framework/Versions/A/DesktopServicesPriv
0x00000000093d8000 	/System/Library/Frameworks/Carbon.framework/Versions/A/Frameworks/HIToolbox.framework/Versions/A/HIToolbox
0x00000000093d8000 	/System/Library/Frameworks/QuartzCore.framework/Versions/A/QuartzCore
0x00000000093d8000 	/System/Library/Frameworks/Carbon.framework/Versions/A/Frameworks/SpeechRecognition.framework/Versions/A/SpeechRecognition
0x00000000093d8000 	/usr/lib/libauto.dylib
0x00000000093d8000 	/usr/lib/libicucore.A.dylib
0x00000000093d8000 	/usr/lib/libxml2.2.dylib
0x00000000093d8000 	/System/Library/PrivateFrameworks/CoreUI.framework/Versions/A/CoreUI
0x00000000093d8000 	/System/Library/Frameworks/CoreAudio.framework/Versions/A/CoreAudio
0x00000000093d8000 	/System/Library/Frameworks/DiskArbitration.framework/Versions/A/DiskArbitration
0x00000000093d8000 	/usr/lib/liblangid.dylib
0x00000000093d8000 	/System/Library/PrivateFrameworks/MultitouchSupport.framework/Versions/A/MultitouchSupport
0x00000000093d8000 	/System/Library/Frameworks/IOKit.framework/Versions/A/IOKit
0x00000000093d8000 	/usr/lib/libDiagnosticMessagesClient.dylib
0x00000000093d8000 	/System/Library/Frameworks/CoreServices.framework/Versions/A/CoreServices
0x00000000093d8000 	/System/Library/PrivateFrameworks/PerformanceAnalysis.framework/Versions/A/PerformanceAnalysis
0x00000000093d8000 	/System/Library/PrivateFrameworks/GenerationalStorage.framework/Versions/A/GenerationalStorage
0x00000000093d8000 	/System/Library/Frameworks/OpenGL.framework/Versions/A/OpenGL
0x00000000093d8000 	/System/Library/PrivateFrameworks/Sharing.framework/Versions/A/Sharing
0x00000000093d8000 	/System/Library/Frameworks/CoreGraphics.framework/Versions/A/CoreGraphics
0x00000000093d8000 	/System/Library/Frameworks/CoreImage.framework/Versions/A/CoreImage
0x00000000093d8000 	/System/Library/Frameworks/CoreText.framework/Versions/A/CoreText
0x00000000093d8000 	/System/Library/Frameworks/ImageIO.framework/Versions/A/ImageIO
0x00000000093d8000 	/System/Library/PrivateFrameworks/Backup.framework/Versions/A/Backup
0x00000000093d8000 	/usr/lib/libextension.dylib
0x00000000093d8000 	/usr/lib/libarchive.2.dylib
0x00000000093d8000 	/System/Library/Frameworks/CFNetwork.framework/Versions/A/CFNetwork
0x00000000093d8000 	/System/Library/Frameworks/SystemConfiguration.framework/Versions/A/SystemConfiguration
0x00000000093d8000 	/usr/lib/libCRFSuite.dylib
0x00000000093d8000 	/usr/lib/libc++.1.dylib
0x00000000093d8000 	/usr/lib/libc++abi.dylib
0x00000000093d8000 	/usr/lib/system/libcache.dylib
0x00000000093d8000 	/usr/lib/system/libcommonCrypto.dylib
0x00000000093d8000 	/usr/lib/system/libcompiler_rt.dylib
0x00000000093d8000 	/usr/lib/system/libcopyfile.dylib
0x00000000093d8000 	/usr/lib/system/libcorecrypto.dylib
0x00000000093d8000 	/usr/lib/system/libdispatch.dylib
0x00000000093d8000 	/usr/lib/system/libdyld.dylib
0x00000000093d8000 	/usr/lib/system/libkeymgr.dylib
0x00000000093d8000 	/usr/lib/system/liblaunch.dylib
0x00000000093d8000 	/usr/lib/system/libmacho.dylib
0x00000000093d8000 	/usr/lib/system/libquarantine.dylib
0x00000000093d8000 	/usr/lib/system/libremovefile.dylib
0x00000000093d8000 	/usr/lib/system/libsystem_asl.dylib
0x00000000093d8000 	/usr/lib/system/libsystem_blocks.dylib
0x00000000093d8000 	/usr/lib/system/libsystem_c.dylib
0x00000000093d8000 	/usr/lib/system/libsystem_configuration.dylib
0x00000000093d8000 	/usr/lib/system/libsystem_coreservices.dylib
0x00000000093d8000 	/usr/lib/system/libsystem_coretls.dylib
0x00000000093d8000 	/usr/lib/system/libsystem_dnssd.dylib
0x00000000093d8000 	/usr/lib/system/libsystem_info.dylib
0x00000000093d8000 	/usr/lib/system/libsystem_kernel.dylib
0x00000000093d8000 	/usr/lib/system/libsystem_m.dylib
0x00000000093d8000 	/usr/lib/system/libsystem_malloc.dylib
0x00000000093d8000 	/usr/lib/system/libsystem_network.dylib
0x00000000093d8000 	/usr/lib/system/libsystem_networkextension.dylib
0x00000000093d8000 	/usr/lib/system/libsystem_notify.dylib
0x00000000093d8000 	/usr/lib/system/libsystem_platform.dylib
0x00000000093d8000 	/usr/lib/system/libsystem_pthread.dylib
0x00000000093d8000 	/usr/lib/system/libsystem_sandbox.dylib
0x00000000093d8000 	/usr/lib/system/libsystem_secinit.dylib
0x00000000093d8000 	/usr/lib/system/libsystem_trace.dylib
0x00000000093d8000 	/usr/lib/system/libunc.dylib
0x00000000093d8000 	/usr/lib/system/libunwind.dylib
0x00000000093d8000 	/usr/lib/system/libxpc.dylib
0x00000000093d8000 	/usr/lib/libenergytrace.dylib
0x00000000093d8000 	/usr/lib/libbsm.0.dylib
0x00000000093d8000 	/usr/lib/system/libkxld.dylib
0x00000000093d8000 	/usr/lib/libxar.1.dylib
0x00000000093d8000 	/usr/lib/libsqlite3.dylib
0x00000000093d8000 	/usr/lib/libpam.2.dylib
0x00000000093d8000 	/usr/lib/libOpenScriptingUtil.dylib
0x00000000093d8000 	/usr/lib/libbz2.1.0.dylib
0x00000000093d8000 	/usr/lib/liblzma.5.dylib
0x00000000093d8000 	/System/Library/Frameworks/CoreServices.framework/Versions/A/Frameworks/FSEvents.framework/Versions/A/FSEvents
0x00000000093d8000 	/System/Library/Frameworks/CoreServices.framework/Versions/A/Frameworks/CarbonCore.framework/Versions/A/CarbonCore
0x00000000093d8000 	/System/Library/Frameworks/CoreServices.framework/Versions/A/Frameworks/Metadata.framework/Versions/A/Metadata
0x00000000093d8000 	/System/Library/Frameworks/CoreServices.framework/Versions/A/Frameworks/OSServices.framework/Versions/A/OSServices
0x00000000093d8000 	/System/Library/Frameworks/CoreServices.framework/Versions/A/Frameworks/SearchKit.framework/Versions/A/SearchKit
0x00000000093d8000 	/System/Library/Frameworks/CoreServices.framework/Versions/A/Frameworks/AE.framework/Versions/A/AE
0x00000000093d8000 	/System/Library/Frameworks/CoreServices.framework/Versions/A/Frameworks/LaunchServices.framework/Versions/A/LaunchServices
0x00000000093d8000 	/System/Library/Frameworks/CoreServices.framework/Versions/A/Frameworks/DictionaryServices.framework/Versions/A/DictionaryServices
0x00000000093d8000 	/System/Library/Frameworks/CoreServices.framework/Versions/A/Frameworks/SharedFileList.framework/Versions/A/SharedFileList
0x00000000093d8000 	/System/Library/Frameworks/NetFS.framework/Versions/A/NetFS
0x00000000093d8000 	/System/Library/PrivateFrameworks/NetAuth.framework/Versions/A/NetAuth
0x00000000093d8000 	/System/Library/PrivateFrameworks/login.framework/Versions/A/Frameworks/loginsupport.framework/Versions/A/loginsupport
0x00000000093d8000 	/System/Library/PrivateFrameworks/TCC.framework/Versions/A/TCC
0x00000000093d8000 	/usr/lib/libmecabra.dylib
0x00000000093d8000 	/System/Library/Frameworks/ApplicationServices.framework/Versions/A/Frameworks/ATS.framework/Versions/A/ATS
0x00000000093d8000 	/System/Library/Frameworks/ApplicationServices.framework/Versions/A/Frameworks/ColorSync.framework/Versions/A/ColorSync
0x00000000093d8000 	/System/Library/Frameworks/ApplicationServices.framework/Versions/A/Frameworks/HIServices.framework/Versions/A/HIServices
0x00000000093d8000 	/System/Library/Frameworks/ApplicationServices.framework/Versions/A/Frameworks/LangAnalysis.framework/Versions/A/LangAnalysis
0x00000000093d8000 	/System/Library/Frameworks/ApplicationServices.framework/Versions/A/Frameworks/PrintCore.framework/Versions/A/PrintCore
0x00000000093d8000 	/System/Library/Frameworks/ApplicationServices.framework/Versions/A/Frameworks/QD.framework/Versions/A/QD
0x00000000093d8000 	/System/Library/Frameworks/ApplicationServices.framework/Versions/A/Frameworks/SpeechSynthesis.framework/Versions/A/SpeechSynthesis
0x00000000093d8000 	/System/Library/Frameworks/Metal.framework/Versions/A/Metal
0x00000000093d8000 	/System/Library/Frameworks/Accelerate.framework/Versions/A/Frameworks/vImage.framework/Versions/A/vImage
0x00000000093d8000 	/System/Library/Frameworks/Accelerate.framework/Versions/A/Frameworks/vecLib.framework/Versions/A/vecLib
0x00000000093d8000 	/System/Library/Frameworks/Accelerate.framework/Versions/A/Frameworks/vecLib.framework/Versions/A/libvDSP.dylib
0x00000000093d8000 	/System/Library/Frameworks/Accelerate.framework/Versions/A/Frameworks/vecLib.framework/Versions/A/libvMisc.dylib
0x00000000093d8000 	/System/Library/Frameworks/Accelerate.framework/Versions/A/Frameworks/vecLib.framework/Versions/A/libLAPACK.dylib
0x00000000093d8000 	/System/Library/Frameworks/Accelerate.framework/Versions/A/Frameworks/vecLib.framework/Versions/A/libBLAS.dylib
0x00000000093d8000 	/System/Library/Frameworks/Accelerate.framework/Versions/A/Frameworks/vecLib.framework/Versions/A/libLinearAlgebra.dylib
0x00000000093d8000 	/System/Library/Frameworks/Accelerate.framework/Versions/A/Frameworks/vecLib.framework/Versions/A/libSparseBLAS.dylib
0x00000000093d8000 	/System/Library/PrivateFrameworks/GPUCompiler.framework/libmetal_timestamp.dylib
0x00000000093d8000 	/System/Library/Frameworks/OpenGL.framework/Versions/A/Libraries/libCoreFSCache.dylib
0x00000000093d8000 	/System/Library/PrivateFrameworks/IOAccelerator.framework/Versions/A/IOAccelerator
0x00000000093d8000 	/System/Library/Frameworks/ApplicationServices.framework/Versions/A/Frameworks/ATS.framework/Versions/A/Resources/libFontParser.dylib
0x00000000093d8000 	/System/Library/Frameworks/ApplicationServices.framework/Versions/A/Frameworks/ATS.framework/Versions/A/Resources/libFontRegistry.dylib
0x00000000093d8000 	/System/Library/PrivateFrameworks/AppleVPA.framework/Versions/A/AppleVPA
0x00000000093d8000 	/System/Library/PrivateFrameworks/AppleJPEG.framework/Versions/A/AppleJPEG
0x00000000093d8000 	/System/Library/Frameworks/ImageIO.framework/Versions/A/Resources/libJPEG.dylib
0x00000000093d8000 	/System/Library/Frameworks/ImageIO.framework/Versions/A/Resources/libTIFF.dylib
0x00000000093d8000 	/System/Library/Frameworks/ImageIO.framework/Versions/A/Resources/libPng.dylib
0x00000000093d8000 	/System/Library/Frameworks/ImageIO.framework/Versions/A/Resources/libGIF.dylib
0x00000000093d8000 	/System/Library/Frameworks/ImageIO.framework/Versions/A/Resources/libJP2.dylib
0x00000000093d8000 	/System/Library/Frameworks/ImageIO.framework/Versions/A/Resources/libRadiance.dylib
0x00000000093d8000 	/System/Library/Frameworks/CoreVideo.framework/Versions/A/CoreVideo
0x00000000093d8000 	/System/Library/Frameworks/OpenGL.framework/Versions/A/Libraries/libGLU.dylib
0x00000000093d8000 	/System/Library/Frameworks/OpenGL.framework/Versions/A/Libraries/libGFXShared.dylib
0x00000000093d8000 	/System/Library/Frameworks/OpenGL.framework/Versions/A/Libraries/libGL.dylib
0x00000000093d8000 	/System/Library/Frameworks/OpenGL.framework/Versions/A/Libraries/libGLImage.dylib
0x00000000093d8000 	/System/Library/Frameworks/OpenGL.framework/Versions/A/Libraries/libCVMSPluginSupport.dylib
0x00000000093d8000 	/System/Library/Frameworks/OpenGL.framework/Versions/A/Libraries/libCoreVMClient.dylib
0x00000000093d8000 	/usr/lib/libcups.2.dylib
0x00000000093d8000 	/System/Library/Frameworks/Kerberos.framework/Versions/A/Kerberos
0x00000000093d8000 	/System/Library/Frameworks/GSS.framework/Versions/A/GSS
0x00000000093d8000 	/usr/lib/libresolv.9.dylib
0x00000000093d8000 	/usr/lib/libiconv.2.dylib
0x00000000093d8000 	/System/Library/PrivateFrameworks/Heimdal.framework/Versions/A/Heimdal
0x00000000093d8000 	/usr/lib/libheimdal-asn1.dylib
0x00000000093d8000 	/System/Library/Frameworks/OpenDirectory.framework/Versions/A/OpenDirectory
0x00000000093d8000 	/System/Library/PrivateFrameworks/CommonAuth.framework/Versions/A/CommonAuth
0x00000000093d8000 	/System/Library/Frameworks/OpenDirectory.framework/Versions/A/Frameworks/CFOpenDirectory.framework/Versions/A/CFOpenDirectory
0x00000000093d8000 	/System/Library/Frameworks/SecurityFoundation.framework/Versions/A/SecurityFoundation
0x00000000093d8000 	/System/Library/PrivateFrameworks/LanguageModeling.framework/Versions/A/LanguageModeling
0x00000000093d8000 	/usr/lib/libmarisa.dylib
0x00000000093d8000 	/usr/lib/libChineseTokenizer.dylib
0x00000000093d8000 	/usr/lib/libcmph.dylib
0x00000000093d8000 	/usr/lib/libcompression.dylib
0x00000000093d8000 	/System/Library/Frameworks/ServiceManagement.framework/Versions/A/ServiceManagement
0x00000000093d8000 	/usr/lib/libxslt.1.dylib
0x00000000093d8000 	/System/Library/Frameworks/Carbon.framework/Versions/A/Frameworks/Ink.framework/Versions/A/Ink
0x00000000093d8000 	/usr/lib/libFosl_dynamic.dylib
0x00000000093d8000 	/System/Library/PrivateFrameworks/FaceCore.framework/Versions/A/FaceCore
0x00000000093d8000 	/System/Library/Frameworks/OpenCL.framework/Versions/A/OpenCL
0x00000000093d8000 	/System/Library/PrivateFrameworks/CrashReporterSupport.framework/Versions/A/CrashReporterSupport
0x00000000093d8000 	/System/Library/PrivateFrameworks/IconServices.framework/Versions/A/IconServices
0x00000000093d8000 	/System/Library/PrivateFrameworks/Apple80211.framework/Versions/A/Apple80211
0x00000000093d8000 	/System/Library/Frameworks/CoreWLAN.framework/Versions/A/CoreWLAN
0x00000000093d8000 	/System/Library/Frameworks/IOBluetooth.framework/Versions/A/IOBluetooth
0x00000000093d8000 	/System/Library/PrivateFrameworks/CoreWiFi.framework/Versions/A/CoreWiFi
0x00000000093d8000 	/System/Library/Frameworks/CoreBluetooth.framework/Versions/A/CoreBluetooth
0x00000000093d8000 	/System/Library/PrivateFrameworks/ChunkingLibrary.framework/Versions/A/ChunkingLibrary
0x00000000093d8000 	/System/Library/PrivateFrameworks/DebugSymbols.framework/Versions/A/DebugSymbols
0x00000000093d8000 	/System/Library/PrivateFrameworks/CoreSymbolication.framework/Versions/A/CoreSymbolication
0x00000000093d8000 	/System/Library/PrivateFrameworks/Symbolication.framework/Versions/A/Symbolication
0x00000000093d8000 	/System/Library/PrivateFrameworks/SpeechRecognitionCore.framework/Versions/A/SpeechRecognitionCore
0x0000000106a00000 	/Library/Java/JavaVirtualMachines/jdk1.8.0_40.jdk/Contents/Home/jre/lib/server/libjvm.dylib
0x00000000093d8000 	/usr/lib/libstdc++.6.dylib
0x000000010611b000 	/Library/Java/JavaVirtualMachines/jdk1.8.0_40.jdk/Contents/Home/jre/lib/libverify.dylib
0x0000000106129000 	/Library/Java/JavaVirtualMachines/jdk1.8.0_40.jdk/Contents/Home/jre/lib/libjava.dylib
0x0000000106168000 	/Library/Java/JavaVirtualMachines/jdk1.8.0_40.jdk/Contents/Home/jre/lib/libzip.dylib
0x000000011acd5000 	/System/Library/Frameworks/JavaVM.framework/Frameworks/JavaRuntimeSupport.framework/JavaRuntimeSupport
0x000000011acf0000 	/System/Library/Frameworks/JavaVM.framework/Versions/A/Frameworks/JavaNativeFoundation.framework/Versions/A/JavaNativeFoundation
0x000000011ad05000 	/System/Library/Frameworks/JavaVM.framework/Versions/A/JavaVM
0x00000000093d8000 	/System/Library/Frameworks/Carbon.framework/Versions/A/Carbon
0x000000011ad12000 	/System/Library/PrivateFrameworks/JavaLaunching.framework/Versions/A/JavaLaunching
0x00000000093d8000 	/System/Library/Frameworks/Carbon.framework/Versions/A/Frameworks/CommonPanels.framework/Versions/A/CommonPanels
0x00000000093d8000 	/System/Library/Frameworks/Carbon.framework/Versions/A/Frameworks/Help.framework/Versions/A/Help
0x00000000093d8000 	/System/Library/Frameworks/Carbon.framework/Versions/A/Frameworks/ImageCapture.framework/Versions/A/ImageCapture
0x00000000093d8000 	/System/Library/Frameworks/Carbon.framework/Versions/A/Frameworks/OpenScripting.framework/Versions/A/OpenScripting
0x00000000093d8000 	/System/Library/Frameworks/Carbon.framework/Versions/A/Frameworks/Print.framework/Versions/A/Print
0x00000000093d8000 	/System/Library/Frameworks/Carbon.framework/Versions/A/Frameworks/SecurityHI.framework/Versions/A/SecurityHI
0x000000011c6ca000 	/Library/Java/JavaVirtualMachines/jdk1.8.0_40.jdk/Contents/Home/jre/lib/libprism_es2.dylib
0x00000000093d8000 	/System/Library/Frameworks/OpenGL.framework/Versions/A/Resources/GLEngine.bundle/GLEngine
0x00000000093d8000 	/System/Library/Frameworks/OpenGL.framework/Versions/A/Libraries/libGLProgrammability.dylib
0x000000011c74b000 	/System/Library/Extensions/AppleIntelHD5000GraphicsGLDriver.bundle/Contents/MacOS/AppleIntelHD5000GraphicsGLDriver
0x00000000093d8000 	/System/Library/PrivateFrameworks/GPUSupport.framework/Versions/A/Libraries/libGPUSupportMercury.dylib
0x00000000093d8000 	/System/Library/Frameworks/OpenGL.framework/Versions/A/Resources/GLRendererFloat.bundle/GLRendererFloat
0x00000000093d8000 	/System/Library/Frameworks/OpenCL.framework/Versions/A/Libraries/libcldcpuengine.dylib
0x00000000093d8000 	/System/Library/PrivateFrameworks/DiskImages.framework/Versions/A/DiskImages
0x00000000093d8000 	/System/Library/Frameworks/DiscRecording.framework/Versions/A/DiscRecording
0x00000000093d8000 	/usr/lib/libcsfde.dylib
0x00000000093d8000 	/usr/lib/libcurl.4.dylib
0x00000000093d8000 	/System/Library/PrivateFrameworks/MediaKit.framework/Versions/A/MediaKit
0x00000000093d8000 	/System/Library/PrivateFrameworks/ProtectedCloudStorage.framework/Versions/A/ProtectedCloudStorage
0x00000000093d8000 	/usr/lib/libCoreStorage.dylib
0x00000000093d8000 	/System/Library/PrivateFrameworks/EFILogin.framework/Versions/A/EFILogin
0x00000000093d8000 	/usr/lib/libutil.dylib
0x00000000093d8000 	/System/Library/PrivateFrameworks/FindMyDevice.framework/Versions/A/FindMyDevice
0x00000000093d8000 	/System/Library/Frameworks/LDAP.framework/Versions/A/LDAP
0x00000000093d8000 	/usr/lib/libsasl2.2.dylib
0x00000000093d8000 	/System/Library/PrivateFrameworks/CoreDaemon.framework/Versions/B/CoreDaemon
0x00000000093d8000 	/usr/lib/libcrypto.0.9.8.dylib
0x00000000093d8000 	/System/Library/PrivateFrameworks/AppleSRP.framework/Versions/A/AppleSRP
0x00000000093d8000 	/System/Library/PrivateFrameworks/TrustEvaluationAgent.framework/Versions/A/TrustEvaluationAgent
0x000000011d2d5000 	/Library/Java/JavaVirtualMachines/jdk1.8.0_40.jdk/Contents/Home/jre/lib/libglass.dylib
0x00000000093d8000 	/System/Library/PrivateFrameworks/CoreServicesInternal.framework/Versions/A/CoreServicesInternal
0x00000000093d8000 	/System/Library/CoreServices/RawCamera.bundle/Contents/MacOS/RawCamera
0x00000000093d8000 	/System/Library/Frameworks/CoreGraphics.framework/Versions/A/Resources/libRIP.A.dylib
0x00000000093d8000 	/System/Library/Frameworks/Accelerate.framework/Versions/A/Frameworks/vImage.framework/Versions/A/Libraries/libCGInterfaces.dylib
0x00000000093d8000 	/System/Library/PrivateFrameworks/FamilyControls.framework/Versions/A/FamilyControls
0x00000000093d8000 	/System/Library/PrivateFrameworks/CommerceKit.framework/Versions/A/Frameworks/CommerceCore.framework/Versions/A/CommerceCore
0x00000000093d8000 	/System/Library/PrivateFrameworks/SystemAdministration.framework/Versions/A/SystemAdministration
0x00000000093d8000 	/System/Library/PrivateFrameworks/AppContainer.framework/Versions/A/AppContainer
0x00000000093d8000 	/System/Library/PrivateFrameworks/SecCodeWrapper.framework/Versions/A/SecCodeWrapper
0x00000000093d8000 	/System/Library/Frameworks/DirectoryService.framework/Versions/A/DirectoryService
0x00000000093d8000 	/System/Library/PrivateFrameworks/LoginUIKit.framework/Versions/A/Frameworks/LoginUICore.framework/Versions/A/LoginUICore
0x00000000093d8000 	/usr/lib/libodfde.dylib
0x000000011fdf9000 	/Library/Java/JavaVirtualMachines/jdk1.8.0_40.jdk/Contents/Home/jre/lib/libjavafx_font.dylib
0x00000000093d8000 	/System/Library/Frameworks/CoreGraphics.framework/Versions/A/Resources/libCGXType.A.dylib
0x000000011fd8d000 	/Library/Java/JavaVirtualMachines/jdk1.8.0_40.jdk/Contents/Home/jre/lib/libnet.dylib
0x000000011dc52000 	/Library/Java/JavaVirtualMachines/jdk1.8.0_40.jdk/Contents/Home/jre/lib/libprism_common.dylib
0x000000011dc75000 	cl_kernels
0x00000000093d8000 	/System/Library/Frameworks/OpenCL.framework/Versions/A/Libraries/ImageFormats/unorm8_bgra.dylib
0x00000000093d8000 	/System/Library/Frameworks/OpenCL.framework/Versions/A/Libraries/ImageFormats/unorm8_rgba.dylib
0x00000001234b9000 	/System/Library/Extensions/AppleIntelHD5000GraphicsMTLDriver.bundle/Contents/MacOS/AppleIntelHD5000GraphicsMTLDriver

VM Arguments:
jvm_args: -ea -Dfile.encoding=UTF-8 
java_command: application.WhiteboardClient
java_class_path (initial): /Users/Lucas/Documents/workspace/Whiteboard/bin:/Users/Lucas/Desktop/eclipse/plugins/org.eclipse.fx.ide.css.jfx8_1.1.0.201411050807.jar
Launcher Type: SUN_STANDARD

Environment Variables:
PATH=/usr/bin:/bin:/usr/sbin:/sbin
SHELL=/bin/bash

Signal Handlers:
SIGSEGV: [libjvm.dylib+0x58ef95], sa_mask[0]=11111111011111110111111111111111, sa_flags=SA_ONSTACK|SA_RESTART|SA_SIGINFO
SIGBUS: [libjvm.dylib+0x58ef95], sa_mask[0]=11111111011111110111111111111111, sa_flags=SA_RESTART|SA_SIGINFO
SIGFPE: [libjvm.dylib+0x46c118], sa_mask[0]=11111111011111110111111111111111, sa_flags=SA_RESTART|SA_SIGINFO
SIGPIPE: [libjvm.dylib+0x46c118], sa_mask[0]=11111111011111110111111111111111, sa_flags=SA_RESTART|SA_SIGINFO
SIGXFSZ: [libjvm.dylib+0x46c118], sa_mask[0]=11111111011111110111111111111111, sa_flags=SA_RESTART|SA_SIGINFO
SIGILL: [libjvm.dylib+0x46c118], sa_mask[0]=11111111011111110111111111111111, sa_flags=SA_RESTART|SA_SIGINFO
SIGUSR1: SIG_DFL, sa_mask[0]=00000000000000000000000000000000, sa_flags=none
SIGUSR2: [libjvm.dylib+0x46bc36], sa_mask[0]=00100000000000000000000000000000, sa_flags=SA_RESTART|SA_SIGINFO
SIGHUP: [libjvm.dylib+0x46a209], sa_mask[0]=11111111011111110111111111111111, sa_flags=SA_RESTART|SA_SIGINFO
SIGINT: [libjvm.dylib+0x46a209], sa_mask[0]=11111111011111110111111111111111, sa_flags=SA_RESTART|SA_SIGINFO
SIGTERM: [libjvm.dylib+0x46a209], sa_mask[0]=11111111011111110111111111111111, sa_flags=SA_RESTART|SA_SIGINFO
SIGQUIT: [libjvm.dylib+0x46a209], sa_mask[0]=11111111011111110111111111111111, sa_flags=SA_RESTART|SA_SIGINFO


---------------  S Y S T E M  ---------------

OS:Bsduname:Darwin 15.0.0 Darwin Kernel Version 15.0.0: Wed Aug 26 16:57:32 PDT 2015; root:xnu-3247.1.106~1/RELEASE_X86_64 x86_64
rlimit: STACK 8192k, CORE 0k, NPROC 709, NOFILE 10240, AS infinity
load average:2.62 2.23 2.06

CPU:total 4 (2 cores per cpu, 2 threads per core) family 6 model 69 stepping 1, cmov, cx8, fxsr, mmx, sse, sse2, sse3, ssse3, sse4.1, sse4.2, popcnt, avx, avx2, aes, clmul, erms, lzcnt, ht, tsc, tscinvbit, bmi1, bmi2

Memory: 4k page, physical 4194304k(396244k free)

/proc/meminfo:


vm_info: Java HotSpot(TM) 64-Bit Server VM (25.40-b25) for bsd-amd64 JRE (1.8.0_40-b25), built on Feb 10 2015 21:07:25 by "java_re" with gcc 4.2.1 (Based on Apple Inc. build 5658) (LLVM build 2336.11.00)

time: Mon Oct  5 23:24:25 2015
elapsed time: 98 seconds (0d 0h 1m 38s)

