#
# A fatal error has been detected by the Java Runtime Environment:
#
#  SIGSEGV (0xb) at pc=0x000000012282a5dd, pid=663, tid=2571
#
# JRE version: Java(TM) SE Runtime Environment (8.0_40-b25) (build 1.8.0_40-b25)
# Java VM: Java HotSpot(TM) 64-Bit Server VM (25.40-b25 mixed mode bsd-amd64 compressed oops)
# Problematic frame:
# C  [libglass.dylib+0x155dd]  GlassScreenDidChangeScreenParameters+0x9d
#
# Failed to write core dump. Core dumps have been disabled. To enable core dumping, try "ulimit -c unlimited" before starting Java again
#
# If you would like to submit a bug report, please visit:
#   http://bugreport.java.com/bugreport/crash.jsp
#

---------------  T H R E A D  ---------------

Current thread is native thread

siginfo: si_signo: 11 (SIGSEGV), si_code: 1 (SEGV_MAPERR), si_addr: 0x0000000000000000

Registers:
RAX=0x000000012285cbc0, RBX=0x0000000000000000, RCX=0x0000000000000103, RDX=0x00007f9fa8521350
RSP=0x00007fff54821be0, RBP=0x00007fff54821bf0, RSI=0x00007f9fa8408420, RDI=0x0000000000000000
R8 =0x0000000000000040, R9 =0x00007fff7b2041e0, R10=0xffffffffffffffff, R11=0x0000000000000246
R12=0x00007f9faac507e0, R13=0x00007f9fa842d830, R14=0x00007f9fa842d870, R15=0x0000000000000000
RIP=0x000000012282a5dd, EFLAGS=0x0000000000010206, ERR=0x0000000000000004
  TRAPNO=0x000000000000000e

Top of Stack: (sp=0x00007fff54821be0)
0x00007fff54821be0:   00007fff54821c38 00007f9fa842d870
0x00007fff54821bf0:   00007fff54821c00 00007fff8ce33a0c
0x00007fff54821c00:   00007fff54821c20 00007fff8ce3399f
0x00007fff54821c10:   0000000000000000 0000000000000000
0x00007fff54821c20:   00007fff54821c90 00007fff8ce33917
0x00007fff54821c30:   00007fff7bd18110 00007fff797170a0
0x00007fff54821c40:   0000000042000000 00007fff8ce33960
0x00007fff54821c50:   00007fff79c656f0 00007f9fa842d830
0x00007fff54821c60:   00007f9faac507e0 00007fff54822438
0x00007fff54821c70:   00007fff79d90bd0 00007fff54822438
0x00007fff54821c80:   00007f9fa842d830 00007fff8d1f2955
0x00007fff54821c90:   00007fff54821cd0 00007fff8ce33682
0x00007fff54821ca0:   00007fff548222b0 0000000000000000
0x00007fff54821cb0:   00007fff79d90bd0 00007fff54822438
0x00007fff54821cc0:   00007fff8d94ad40 00007fff8d1f2955
0x00007fff54821cd0:   00007fff548223e0 00007fff8cdf0442
0x00007fff54821ce0:   00007f9fa8576800 0000000000000002
0x00007fff54821cf0:   0000000000000000 00007f9fa8705380
0x00007fff54821d00:   00007f9fa9805048 00007f9fa87431a0
0x00007fff54821d10:   0000000000000000 00007f9fa842d8d0
0x00007fff54821d20:   0000000000000000 0000000000000000
0x00007fff54821d30:   00007fff79ca25b0 00007fff548222b0
0x00007fff54821d40:   0000000000000001 0000000000000100
0x00007fff54821d50:   0000000000001500 00007fff548221b0
0x00007fff54821d60:   0000000000000000 0000000000000100
0x00007fff54821d70:   4095080000000000 00007fff79d90bd0
0x00007fff54821d80:   0000000000000000 00007fff79c66490
0x00007fff54821d90:   00007fff79d90bd0 0000000000000000
0x00007fff54821da0:   00007fff79c66490 00007f9fa86d1a60
0x00007fff54821db0:   00007f9fa8576800 0000000000000002
0x00007fff54821dc0:   0000000000000000 00007fff8d94ad40
0x00007fff54821dd0:   00007fff54821f90 00007fff9a7cf2a4 

Instructions: (pc=0x000000012282a5dd)
0x000000012282a5bd:   89 df 4c 89 f1 41 ff 90 68 04 00 00 48 8d 05 f8
0x000000012282a5cd:   24 03 00 48 8b 30 48 8d 05 e6 25 03 00 48 8b 10
0x000000012282a5dd:   48 8b 0b 30 c0 48 89 df ff 91 68 04 00 00 48 8b
0x000000012282a5ed:   03 48 89 df ff 50 78 48 85 c0 74 36 49 89 c6 48 

Register to memory mapping:

RAX=0x000000012285cbc0: jScreenNotifySettingsChanged+0 in /Library/Java/JavaVirtualMachines/jdk1.8.0_40.jdk/Contents/Home/jre/lib/libglass.dylib at 0x0000000122815000
RBX=0x0000000000000000 is an unknown value
RCX=0x0000000000000103 is an unknown value
RDX=0x00007f9fa8521350 is an unknown value
RSP=0x00007fff54821be0 is an unknown value
RBP=0x00007fff54821bf0 is an unknown value
RSI=0x00007f9fa8408420 is a global jni handle
RDI=0x0000000000000000 is an unknown value
R8 =0x0000000000000040 is an unknown value
R9 =0x00007fff7b2041e0: __sFX+0x1c0 in /usr/lib/system/libsystem_c.dylib at 0x00007fff953b1000
R10=0xffffffffffffffff is an unknown value
R11=0x0000000000000246 is an unknown value
R12=0x00007f9faac507e0 is an unknown value
R13=0x00007f9fa842d830 is an unknown value
R14=0x00007f9fa842d870 is an unknown value
R15=0x0000000000000000 is an unknown value


Stack: [0x00007fff54025000,0x00007fff54825000],  sp=0x00007fff54821be0,  free space=8178k
Native frames: (J=compiled Java code, j=interpreted, Vv=VM code, C=native code)
C  [libglass.dylib+0x155dd]  GlassScreenDidChangeScreenParameters+0x9d
C  [CoreFoundation+0xa0a0c]  __CFNOTIFICATIONCENTER_IS_CALLING_OUT_TO_AN_OBSERVER__+0xc
C  [CoreFoundation+0xa099f]  ___CFXRegistrationPost_block_invoke+0x3f
C  [CoreFoundation+0xa0917]  _CFXRegistrationPost+0x197
C  [CoreFoundation+0xa0682]  ___CFXNotificationPost_block_invoke+0x32
C  [CoreFoundation+0x5d442]  -[_CFXNotificationRegistrar find:object:observer:enumerator:]+0x782
C  [CoreFoundation+0x5c695]  _CFXNotificationPost+0x2b5
C  [Foundation+0x731a]  -[NSNotificationCenter postNotificationName:object:userInfo:]+0x42
C  [AppKit+0x41dbae]  -[NSApplication _reactToScreenInvalidationImmediately:]+0x17f
C  [AppKit+0x41d9ff]  __44-[NSApplication _reactToScreenInvalidation:]_block_invoke+0x3b
C  [CoreFoundation+0xaa24c]  __CFRUNLOOP_IS_CALLING_OUT_TO_A_BLOCK__+0xc
C  [CoreFoundation+0x89b65]  __CFRunLoopDoBlocks+0x155
C  [CoreFoundation+0x898cb]  __CFRunLoopRun+0x92b
C  [CoreFoundation+0x88d38]  CFRunLoopRunSpecific+0x128
C  [java+0x6490]  CreateExecutionEnvironment+0x367
C  [java+0x221c]  JLI_Launch+0x7a0
C  [java+0x84ed]  main+0x65
C  [java+0x1a74]  start+0x34


---------------  P R O C E S S  ---------------

VM state:not at safepoint (normal execution)

VM Mutex/Monitor currently owned by a thread: None

Heap:
 PSYoungGen      total 18944K, used 11844K [0x00000007aab00000, 0x00000007ac000000, 0x00000007c0000000)
  eden space 16384K, 72% used [0x00000007aab00000,0x00000007ab691388,0x00000007abb00000)
  from space 2560K, 0% used [0x00000007abb00000,0x00000007abb00000,0x00000007abd80000)
  to   space 2560K, 0% used [0x00000007abd80000,0x00000007abd80000,0x00000007ac000000)
 ParOldGen       total 44032K, used 5554K [0x0000000780000000, 0x0000000782b00000, 0x00000007aab00000)
  object space 44032K, 12% used [0x0000000780000000,0x000000078056c968,0x0000000782b00000)
 Metaspace       used 19549K, capacity 20708K, committed 20864K, reserved 1067008K
  class space    used 2869K, capacity 3110K, committed 3200K, reserved 1048576K

Card table byte_map: [0x000000011c1f5000,0x000000011c3f6000] byte_map_base: 0x00000001185f5000

Marking Bits: (ParMarkBitMap*) 0x000000010bf197a0
 Begin Bits: [0x000000011c54c000, 0x000000011d54c000)
 End Bits:   [0x000000011d54c000, 0x000000011e54c000)

Polling page: 0x000000010c5d2000

CodeCache: size=245760Kb used=6931Kb max_used=6943Kb free=238828Kb
 bounds [0x000000010ce35000, 0x000000010d505000, 0x000000011be35000]
 total_blobs=3023 nmethods=2356 adapters=579
 compilation: enabled

Compilation events (10 events):
Event: 66.620 Thread 0x00007f9fa8829000 2353   !   3       java.util.concurrent.locks.AbstractQueuedSynchronizer::fullyRelease (54 bytes)
Event: 66.620 Thread 0x00007f9fa8829000 nmethod 2353 0x000000010d4f3410 code [0x000000010d4f35c0, 0x000000010d4f3ba8]
Event: 67.835 Thread 0x00007f9fa8829000 2354       3       sun.reflect.ConstructorAccessorImpl::<init> (5 bytes)
Event: 67.836 Thread 0x00007f9fa8829000 nmethod 2354 0x000000010d4f2f90 code [0x000000010d4f3100, 0x000000010d4f3310]
Event: 67.848 Thread 0x00007f9faa01a000 2355       4       jdk.internal.org.objectweb.asm.ByteVector::put12 (64 bytes)
Event: 67.848 Thread 0x00007f9fa8829000 2356       3       java.lang.invoke.DirectMethodHandle::shouldBeInitialized (123 bytes)
Event: 67.849 Thread 0x00007f9fa8829000 nmethod 2356 0x000000010d4fabd0 code [0x000000010d4fada0, 0x000000010d4fb4c8]
Event: 67.849 Thread 0x00007f9fa8829000 2357       3       java.util.concurrent.locks.AbstractQueuedSynchronizer$ConditionObject::await (98 bytes)
Event: 67.850 Thread 0x00007f9fa8829000 nmethod 2357 0x000000010d4fb610 code [0x000000010d4fb8c0, 0x000000010d4fca68]
Event: 67.851 Thread 0x00007f9faa01a000 nmethod 2355 0x000000010d500110 code [0x000000010d500260, 0x000000010d500558]

GC Heap History (8 events):
Event: 0.689 GC heap before
{Heap before GC invocations=1 (full 0):
 PSYoungGen      total 18944K, used 16384K [0x00000007aab00000, 0x00000007ac000000, 0x00000007c0000000)
  eden space 16384K, 100% used [0x00000007aab00000,0x00000007abb00000,0x00000007abb00000)
  from space 2560K, 0% used [0x00000007abd80000,0x00000007abd80000,0x00000007ac000000)
  to   space 2560K, 0% used [0x00000007abb00000,0x00000007abb00000,0x00000007abd80000)
 ParOldGen       total 44032K, used 0K [0x0000000780000000, 0x0000000782b00000, 0x00000007aab00000)
  object space 44032K, 0% used [0x0000000780000000,0x0000000780000000,0x0000000782b00000)
 Metaspace       used 9380K, capacity 9666K, committed 9984K, reserved 1058816K
  class space    used 1157K, capacity 1259K, committed 1280K, reserved 1048576K
Event: 0.693 GC heap after
Heap after GC invocations=1 (full 0):
 PSYoungGen      total 18944K, used 2304K [0x00000007aab00000, 0x00000007ac000000, 0x00000007c0000000)
  eden space 16384K, 0% used [0x00000007aab00000,0x00000007aab00000,0x00000007abb00000)
  from space 2560K, 90% used [0x00000007abb00000,0x00000007abd40040,0x00000007abd80000)
  to   space 2560K, 0% used [0x00000007abd80000,0x00000007abd80000,0x00000007ac000000)
 ParOldGen       total 44032K, used 72K [0x0000000780000000, 0x0000000782b00000, 0x00000007aab00000)
  object space 44032K, 0% used [0x0000000780000000,0x0000000780012010,0x0000000782b00000)
 Metaspace       used 9380K, capacity 9666K, committed 9984K, reserved 1058816K
  class space    used 1157K, capacity 1259K, committed 1280K, reserved 1048576K
}
Event: 1.513 GC heap before
{Heap before GC invocations=2 (full 0):
 PSYoungGen      total 18944K, used 18688K [0x00000007aab00000, 0x00000007ac000000, 0x00000007c0000000)
  eden space 16384K, 100% used [0x00000007aab00000,0x00000007abb00000,0x00000007abb00000)
  from space 2560K, 90% used [0x00000007abb00000,0x00000007abd40040,0x00000007abd80000)
  to   space 2560K, 0% used [0x00000007abd80000,0x00000007abd80000,0x00000007ac000000)
 ParOldGen       total 44032K, used 72K [0x0000000780000000, 0x0000000782b00000, 0x00000007aab00000)
  object space 44032K, 0% used [0x0000000780000000,0x0000000780012010,0x0000000782b00000)
 Metaspace       used 13398K, capacity 13888K, committed 14080K, reserved 1060864K
  class space    used 1840K, capacity 1966K, committed 2048K, reserved 1048576K
Event: 1.521 GC heap after
Heap after GC invocations=2 (full 0):
 PSYoungGen      total 18944K, used 2544K [0x00000007aab00000, 0x00000007ac000000, 0x00000007c0000000)
  eden space 16384K, 0% used [0x00000007aab00000,0x00000007aab00000,0x00000007abb00000)
  from space 2560K, 99% used [0x00000007abd80000,0x00000007abffc030,0x00000007ac000000)
  to   space 2560K, 0% used [0x00000007abb00000,0x00000007abb00000,0x00000007abd80000)
 ParOldGen       total 44032K, used 1822K [0x0000000780000000, 0x0000000782b00000, 0x00000007aab00000)
  object space 44032K, 4% used [0x0000000780000000,0x00000007801c78b0,0x0000000782b00000)
 Metaspace       used 13398K, capacity 13888K, committed 14080K, reserved 1060864K
  class space    used 1840K, capacity 1966K, committed 2048K, reserved 1048576K
}
Event: 1.951 GC heap before
{Heap before GC invocations=3 (full 0):
 PSYoungGen      total 18944K, used 11979K [0x00000007aab00000, 0x00000007ac000000, 0x00000007c0000000)
  eden space 16384K, 57% used [0x00000007aab00000,0x00000007ab436d88,0x00000007abb00000)
  from space 2560K, 99% used [0x00000007abd80000,0x00000007abffc030,0x00000007ac000000)
  to   space 2560K, 0% used [0x00000007abb00000,0x00000007abb00000,0x00000007abd80000)
 ParOldGen       total 44032K, used 1822K [0x0000000780000000, 0x0000000782b00000, 0x00000007aab00000)
  object space 44032K, 4% used [0x0000000780000000,0x00000007801c78b0,0x0000000782b00000)
 Metaspace       used 17594K, capacity 18552K, committed 18816K, reserved 1064960K
  class space    used 2602K, capacity 2822K, committed 2944K, reserved 1048576K
Event: 1.957 GC heap after
Heap after GC invocations=3 (full 0):
 PSYoungGen      total 18944K, used 2544K [0x00000007aab00000, 0x00000007ac000000, 0x00000007c0000000)
  eden space 16384K, 0% used [0x00000007aab00000,0x00000007aab00000,0x00000007abb00000)
  from space 2560K, 99% used [0x00000007abb00000,0x00000007abd7c030,0x00000007abd80000)
  to   space 2560K, 0% used [0x00000007abd80000,0x00000007abd80000,0x00000007ac000000)
 ParOldGen       total 44032K, used 3160K [0x0000000780000000, 0x0000000782b00000, 0x00000007aab00000)
  object space 44032K, 7% used [0x0000000780000000,0x0000000780316340,0x0000000782b00000)
 Metaspace       used 17594K, capacity 18552K, committed 18816K, reserved 1064960K
  class space    used 2602K, capacity 2822K, committed 2944K, reserved 1048576K
}
Event: 1.957 GC heap before
{Heap before GC invocations=4 (full 1):
 PSYoungGen      total 18944K, used 2544K [0x00000007aab00000, 0x00000007ac000000, 0x00000007c0000000)
  eden space 16384K, 0% used [0x00000007aab00000,0x00000007aab00000,0x00000007abb00000)
  from space 2560K, 99% used [0x00000007abb00000,0x00000007abd7c030,0x00000007abd80000)
  to   space 2560K, 0% used [0x00000007abd80000,0x00000007abd80000,0x00000007ac000000)
 ParOldGen       total 44032K, used 3160K [0x0000000780000000, 0x0000000782b00000, 0x00000007aab00000)
  object space 44032K, 7% used [0x0000000780000000,0x0000000780316340,0x0000000782b00000)
 Metaspace       used 17594K, capacity 18552K, committed 18816K, reserved 1064960K
  class space    used 2602K, capacity 2822K, committed 2944K, reserved 1048576K
Event: 2.019 GC heap after
Heap after GC invocations=4 (full 1):
 PSYoungGen      total 18944K, used 0K [0x00000007aab00000, 0x00000007ac000000, 0x00000007c0000000)
  eden space 16384K, 0% used [0x00000007aab00000,0x00000007aab00000,0x00000007abb00000)
  from space 2560K, 0% used [0x00000007abb00000,0x00000007abb00000,0x00000007abd80000)
  to   space 2560K, 0% used [0x00000007abd80000,0x00000007abd80000,0x00000007ac000000)
 ParOldGen       total 44032K, used 5554K [0x0000000780000000, 0x0000000782b00000, 0x00000007aab00000)
  object space 44032K, 12% used [0x0000000780000000,0x000000078056c968,0x0000000782b00000)
 Metaspace       used 17594K, capacity 18552K, committed 18816K, reserved 1064960K
  class space    used 2602K, capacity 2822K, committed 2944K, reserved 1048576K
}

Deoptimization events (10 events):
Event: 1.887 Thread 0x00007f9faa0c0800 Uncommon trap: reason=predicate action=maybe_recompile pc=0x000000010d1a1110 method=sun.net.www.ParseUtil.encodePath(Ljava/lang/String;Z)Ljava/lang/String; @ 36
Event: 1.888 Thread 0x00007f9faa0c0800 Uncommon trap: reason=unstable_if action=reinterpret pc=0x000000010d2041b0 method=java.lang.String.regionMatches(ZILjava/lang/String;II)Z @ 123
Event: 1.941 Thread 0x00007f9faa0c0800 Uncommon trap: reason=bimorphic action=maybe_recompile pc=0x000000010d1cb0b8 method=java.util.HashMap.putVal(ILjava/lang/Object;Ljava/lang/Object;ZZ)Ljava/lang/Object; @ 203
Event: 2.059 Thread 0x00007f9faa0c0800 Uncommon trap: reason=class_check action=maybe_recompile pc=0x000000010d302654 method=java.io.FilterInputStream.read()I @ 4
Event: 2.059 Thread 0x00007f9faa0c0800 Uncommon trap: reason=class_check action=maybe_recompile pc=0x000000010d302654 method=java.io.FilterInputStream.read()I @ 4
Event: 2.059 Thread 0x00007f9faa0c0800 Uncommon trap: reason=class_check action=maybe_recompile pc=0x000000010d302654 method=java.io.FilterInputStream.read()I @ 4
Event: 2.059 Thread 0x00007f9faa0c0800 Uncommon trap: reason=class_check action=maybe_recompile pc=0x000000010d302654 method=java.io.FilterInputStream.read()I @ 4
Event: 2.067 Thread 0x00007f9faa0c0800 Uncommon trap: reason=unstable_if action=reinterpret pc=0x000000010d2cc834 method=java.util.WeakHashMap.expungeStaleEntries()V @ 9
Event: 2.088 Thread 0x00007f9faa0c0800 Uncommon trap: reason=unstable_if action=reinterpret pc=0x000000010d306aa8 method=com.sun.javafx.css.SimpleSelector.stateMatches(Ljavafx/css/Styleable;Ljava/util/Set;)Z @ 1
Event: 2.243 Thread 0x00007f9faa0c0800 Uncommon trap: reason=unstable_if action=reinterpret pc=0x000000010d277874 method=jdk.internal.org.objectweb.asm.Type.getArgumentsAndReturnSizes(Ljava/lang/String;)I @ 47

Internal exceptions (10 events):
Event: 1.002 Thread 0x00007f9faa0c0800 Implicit null exception at 0x000000010d114b35 to 0x000000010d114d6d
Event: 1.178 Thread 0x00007f9faa0c0800 Exception <a 'java/io/FileNotFoundException'> (0x00000007ab8b3728) thrown at [/Users/java_re/workspace/8-2-build-macosx-x86_64/jdk8u40/2855/hotspot/src/share/vm/prims/jni.cpp, line 709]
Event: 1.203 Thread 0x00007f9faa0c0800 Implicit null exception at 0x000000010d16bc5d to 0x000000010d16e305
Event: 1.891 Thread 0x00007f9faa0c0800 Exception <a 'java/io/FileNotFoundException'> (0x00000007ab37e898) thrown at [/Users/java_re/workspace/8-2-build-macosx-x86_64/jdk8u40/2855/hotspot/src/share/vm/prims/jni.cpp, line 709]
Event: 2.021 Thread 0x00007f9faa0c0800 Exception <a 'java/lang/NoSuchMethodError': <clinit>> (0x00000007aab066d8) thrown at [/Users/java_re/workspace/8-2-build-macosx-x86_64/jdk8u40/2855/hotspot/src/share/vm/prims/jni.cpp, line 1598]
Event: 2.024 Thread 0x00007f9faa0c0800 Exception <a 'java/lang/NoSuchMethodError': <clinit>> (0x00000007aab1e1d0) thrown at [/Users/java_re/workspace/8-2-build-macosx-x86_64/jdk8u40/2855/hotspot/src/share/vm/prims/jni.cpp, line 1598]
Event: 2.026 Thread 0x00007f9faa31e800 Exception <a 'java/lang/InterruptedException'> (0x00000007aab479d0) thrown at [/Users/java_re/workspace/8-2-build-macosx-x86_64/jdk8u40/2855/hotspot/src/share/vm/runtime/objectMonitor.cpp, line 1683]
Event: 2.088 Thread 0x00007f9faa0c0800 Implicit null exception at 0x000000010d306300 to 0x000000010d306a7d
Event: 5.540 Thread 0x00007f9fa992b000 Exception <a 'java/lang/NoSuchMethodError': <clinit>> (0x00000007ab417488) thrown at [/Users/java_re/workspace/8-2-build-macosx-x86_64/jdk8u40/2855/hotspot/src/share/vm/prims/jni.cpp, line 1598]
Event: 5.541 Thread 0x00007f9fa992b000 Exception <a 'java/lang/NoSuchMethodError': <clinit>> (0x00000007ab422c60) thrown at [/Users/java_re/workspace/8-2-build-macosx-x86_64/jdk8u40/2855/hotspot/src/share/vm/prims/jni.cpp, line 1598]

Events (10 events):
Event: 67.845 loading class javafx/application/Application done
Event: 67.848 loading class com/sun/javafx/tk/quantum/QuantumRenderer
Event: 67.848 loading class com/sun/javafx/tk/quantum/QuantumRenderer done
Event: 67.848 loading class com/sun/javafx/tk/quantum/QuantumToolkit
Event: 67.848 loading class com/sun/javafx/tk/quantum/QuantumToolkit done
Event: 67.848 Thread 0x00007f9fa9996000 Thread exited: 0x00007f9fa9996000
Event: 67.849 Thread 0x00007f9fa9117800 Thread exited: 0x00007f9fa9117800
Event: 67.849 Thread 0x00007f9fa9808000 Thread exited: 0x00007f9fa9808000
Event: 67.849 Thread 0x00007f9fa9117800 Thread added: 0x00007f9fa9117800
Event: 67.849 Thread 0x00007f9faa0c0800 Thread exited: 0x00007f9faa0c0800


Dynamic libraries:
0x00000000093d8000 	/System/Library/Frameworks/Cocoa.framework/Versions/A/Cocoa
0x00000000093d8000 	/System/Library/Frameworks/Security.framework/Versions/A/Security
0x00000000093d8000 	/System/Library/Frameworks/ApplicationServices.framework/Versions/A/ApplicationServices
0x00000000093d8000 	/usr/lib/libz.1.dylib
0x00000000093d8000 	/usr/lib/libSystem.B.dylib
0x00000000093d8000 	/usr/lib/libobjc.A.dylib
0x00000000093d8000 	/System/Library/Frameworks/CoreFoundation.framework/Versions/A/CoreFoundation
0x00000000093d8000 	/System/Library/Frameworks/Foundation.framework/Versions/C/Foundation
0x00000000093d8000 	/System/Library/Frameworks/AppKit.framework/Versions/C/AppKit
0x00000000093d8000 	/System/Library/Frameworks/CoreData.framework/Versions/A/CoreData
0x00000000093d8000 	/System/Library/PrivateFrameworks/RemoteViewServices.framework/Versions/A/RemoteViewServices
0x00000000093d8000 	/System/Library/PrivateFrameworks/UIFoundation.framework/Versions/A/UIFoundation
0x00000000093d8000 	/usr/lib/libScreenReader.dylib
0x00000000093d8000 	/System/Library/Frameworks/Accelerate.framework/Versions/A/Accelerate
0x00000000093d8000 	/System/Library/Frameworks/IOSurface.framework/Versions/A/IOSurface
0x00000000093d8000 	/System/Library/Frameworks/AudioToolbox.framework/Versions/A/AudioToolbox
0x00000000093d8000 	/System/Library/Frameworks/AudioUnit.framework/Versions/A/AudioUnit
0x00000000093d8000 	/System/Library/PrivateFrameworks/DataDetectorsCore.framework/Versions/A/DataDetectorsCore
0x00000000093d8000 	/System/Library/PrivateFrameworks/DesktopServicesPriv.framework/Versions/A/DesktopServicesPriv
0x00000000093d8000 	/System/Library/Frameworks/Carbon.framework/Versions/A/Frameworks/HIToolbox.framework/Versions/A/HIToolbox
0x00000000093d8000 	/System/Library/Frameworks/QuartzCore.framework/Versions/A/QuartzCore
0x00000000093d8000 	/System/Library/Frameworks/Carbon.framework/Versions/A/Frameworks/SpeechRecognition.framework/Versions/A/SpeechRecognition
0x00000000093d8000 	/usr/lib/libauto.dylib
0x00000000093d8000 	/usr/lib/libicucore.A.dylib
0x00000000093d8000 	/usr/lib/libxml2.2.dylib
0x00000000093d8000 	/System/Library/PrivateFrameworks/CoreUI.framework/Versions/A/CoreUI
0x00000000093d8000 	/System/Library/Frameworks/CoreAudio.framework/Versions/A/CoreAudio
0x00000000093d8000 	/System/Library/Frameworks/DiskArbitration.framework/Versions/A/DiskArbitration
0x00000000093d8000 	/usr/lib/liblangid.dylib
0x00000000093d8000 	/System/Library/PrivateFrameworks/MultitouchSupport.framework/Versions/A/MultitouchSupport
0x00000000093d8000 	/System/Library/Frameworks/IOKit.framework/Versions/A/IOKit
0x00000000093d8000 	/usr/lib/libDiagnosticMessagesClient.dylib
0x00000000093d8000 	/System/Library/Frameworks/CoreServices.framework/Versions/A/CoreServices
0x00000000093d8000 	/System/Library/PrivateFrameworks/PerformanceAnalysis.framework/Versions/A/PerformanceAnalysis
0x00000000093d8000 	/System/Library/PrivateFrameworks/GenerationalStorage.framework/Versions/A/GenerationalStorage
0x00000000093d8000 	/System/Library/Frameworks/OpenGL.framework/Versions/A/OpenGL
0x00000000093d8000 	/System/Library/PrivateFrameworks/Sharing.framework/Versions/A/Sharing
0x00000000093d8000 	/System/Library/Frameworks/CoreGraphics.framework/Versions/A/CoreGraphics
0x00000000093d8000 	/System/Library/Frameworks/CoreImage.framework/Versions/A/CoreImage
0x00000000093d8000 	/System/Library/Frameworks/CoreText.framework/Versions/A/CoreText
0x00000000093d8000 	/System/Library/Frameworks/ImageIO.framework/Versions/A/ImageIO
0x00000000093d8000 	/System/Library/PrivateFrameworks/Backup.framework/Versions/A/Backup
0x00000000093d8000 	/usr/lib/libextension.dylib
0x00000000093d8000 	/usr/lib/libarchive.2.dylib
0x00000000093d8000 	/System/Library/Frameworks/CFNetwork.framework/Versions/A/CFNetwork
0x00000000093d8000 	/System/Library/Frameworks/SystemConfiguration.framework/Versions/A/SystemConfiguration
0x00000000093d8000 	/usr/lib/libCRFSuite.dylib
0x00000000093d8000 	/usr/lib/libc++.1.dylib
0x00000000093d8000 	/usr/lib/libc++abi.dylib
0x00000000093d8000 	/usr/lib/system/libcache.dylib
0x00000000093d8000 	/usr/lib/system/libcommonCrypto.dylib
0x00000000093d8000 	/usr/lib/system/libcompiler_rt.dylib
0x00000000093d8000 	/usr/lib/system/libcopyfile.dylib
0x00000000093d8000 	/usr/lib/system/libcorecrypto.dylib
0x00000000093d8000 	/usr/lib/system/libdispatch.dylib
0x00000000093d8000 	/usr/lib/system/libdyld.dylib
0x00000000093d8000 	/usr/lib/system/libkeymgr.dylib
0x00000000093d8000 	/usr/lib/system/liblaunch.dylib
0x00000000093d8000 	/usr/lib/system/libmacho.dylib
0x00000000093d8000 	/usr/lib/system/libquarantine.dylib
0x00000000093d8000 	/usr/lib/system/libremovefile.dylib
0x00000000093d8000 	/usr/lib/system/libsystem_asl.dylib
0x00000000093d8000 	/usr/lib/system/libsystem_blocks.dylib
0x00000000093d8000 	/usr/lib/system/libsystem_c.dylib
0x00000000093d8000 	/usr/lib/system/libsystem_configuration.dylib
0x00000000093d8000 	/usr/lib/system/libsystem_coreservices.dylib
0x00000000093d8000 	/usr/lib/system/libsystem_coretls.dylib
0x00000000093d8000 	/usr/lib/system/libsystem_dnssd.dylib
0x00000000093d8000 	/usr/lib/system/libsystem_info.dylib
0x00000000093d8000 	/usr/lib/system/libsystem_kernel.dylib
0x00000000093d8000 	/usr/lib/system/libsystem_m.dylib
0x00000000093d8000 	/usr/lib/system/libsystem_malloc.dylib
0x00000000093d8000 	/usr/lib/system/libsystem_network.dylib
0x00000000093d8000 	/usr/lib/system/libsystem_networkextension.dylib
0x00000000093d8000 	/usr/lib/system/libsystem_notify.dylib
0x00000000093d8000 	/usr/lib/system/libsystem_platform.dylib
0x00000000093d8000 	/usr/lib/system/libsystem_pthread.dylib
0x00000000093d8000 	/usr/lib/system/libsystem_sandbox.dylib
0x00000000093d8000 	/usr/lib/system/libsystem_secinit.dylib
0x00000000093d8000 	/usr/lib/system/libsystem_trace.dylib
0x00000000093d8000 	/usr/lib/system/libunc.dylib
0x00000000093d8000 	/usr/lib/system/libunwind.dylib
0x00000000093d8000 	/usr/lib/system/libxpc.dylib
0x00000000093d8000 	/usr/lib/libenergytrace.dylib
0x00000000093d8000 	/usr/lib/libbsm.0.dylib
0x00000000093d8000 	/usr/lib/system/libkxld.dylib
0x00000000093d8000 	/usr/lib/libxar.1.dylib
0x00000000093d8000 	/usr/lib/libsqlite3.dylib
0x00000000093d8000 	/usr/lib/libpam.2.dylib
0x00000000093d8000 	/usr/lib/libOpenScriptingUtil.dylib
0x00000000093d8000 	/usr/lib/libbz2.1.0.dylib
0x00000000093d8000 	/usr/lib/liblzma.5.dylib
0x00000000093d8000 	/System/Library/Frameworks/CoreServices.framework/Versions/A/Frameworks/FSEvents.framework/Versions/A/FSEvents
0x00000000093d8000 	/System/Library/Frameworks/CoreServices.framework/Versions/A/Frameworks/CarbonCore.framework/Versions/A/CarbonCore
0x00000000093d8000 	/System/Library/Frameworks/CoreServices.framework/Versions/A/Frameworks/Metadata.framework/Versions/A/Metadata
0x00000000093d8000 	/System/Library/Frameworks/CoreServices.framework/Versions/A/Frameworks/OSServices.framework/Versions/A/OSServices
0x00000000093d8000 	/System/Library/Frameworks/CoreServices.framework/Versions/A/Frameworks/SearchKit.framework/Versions/A/SearchKit
0x00000000093d8000 	/System/Library/Frameworks/CoreServices.framework/Versions/A/Frameworks/AE.framework/Versions/A/AE
0x00000000093d8000 	/System/Library/Frameworks/CoreServices.framework/Versions/A/Frameworks/LaunchServices.framework/Versions/A/LaunchServices
0x00000000093d8000 	/System/Library/Frameworks/CoreServices.framework/Versions/A/Frameworks/DictionaryServices.framework/Versions/A/DictionaryServices
0x00000000093d8000 	/System/Library/Frameworks/CoreServices.framework/Versions/A/Frameworks/SharedFileList.framework/Versions/A/SharedFileList
0x00000000093d8000 	/System/Library/Frameworks/NetFS.framework/Versions/A/NetFS
0x00000000093d8000 	/System/Library/PrivateFrameworks/NetAuth.framework/Versions/A/NetAuth
0x00000000093d8000 	/System/Library/PrivateFrameworks/login.framework/Versions/A/Frameworks/loginsupport.framework/Versions/A/loginsupport
0x00000000093d8000 	/System/Library/PrivateFrameworks/TCC.framework/Versions/A/TCC
0x00000000093d8000 	/usr/lib/libmecabra.dylib
0x00000000093d8000 	/System/Library/Frameworks/ApplicationServices.framework/Versions/A/Frameworks/ATS.framework/Versions/A/ATS
0x00000000093d8000 	/System/Library/Frameworks/ApplicationServices.framework/Versions/A/Frameworks/ColorSync.framework/Versions/A/ColorSync
0x00000000093d8000 	/System/Library/Frameworks/ApplicationServices.framework/Versions/A/Frameworks/HIServices.framework/Versions/A/HIServices
0x00000000093d8000 	/System/Library/Frameworks/ApplicationServices.framework/Versions/A/Frameworks/LangAnalysis.framework/Versions/A/LangAnalysis
0x00000000093d8000 	/System/Library/Frameworks/ApplicationServices.framework/Versions/A/Frameworks/PrintCore.framework/Versions/A/PrintCore
0x00000000093d8000 	/System/Library/Frameworks/ApplicationServices.framework/Versions/A/Frameworks/QD.framework/Versions/A/QD
0x00000000093d8000 	/System/Library/Frameworks/ApplicationServices.framework/Versions/A/Frameworks/SpeechSynthesis.framework/Versions/A/SpeechSynthesis
0x00000000093d8000 	/System/Library/Frameworks/Metal.framework/Versions/A/Metal
0x00000000093d8000 	/System/Library/Frameworks/Accelerate.framework/Versions/A/Frameworks/vImage.framework/Versions/A/vImage
0x00000000093d8000 	/System/Library/Frameworks/Accelerate.framework/Versions/A/Frameworks/vecLib.framework/Versions/A/vecLib
0x00000000093d8000 	/System/Library/Frameworks/Accelerate.framework/Versions/A/Frameworks/vecLib.framework/Versions/A/libvDSP.dylib
0x00000000093d8000 	/System/Library/Frameworks/Accelerate.framework/Versions/A/Frameworks/vecLib.framework/Versions/A/libvMisc.dylib
0x00000000093d8000 	/System/Library/Frameworks/Accelerate.framework/Versions/A/Frameworks/vecLib.framework/Versions/A/libLAPACK.dylib
0x00000000093d8000 	/System/Library/Frameworks/Accelerate.framework/Versions/A/Frameworks/vecLib.framework/Versions/A/libBLAS.dylib
0x00000000093d8000 	/System/Library/Frameworks/Accelerate.framework/Versions/A/Frameworks/vecLib.framework/Versions/A/libLinearAlgebra.dylib
0x00000000093d8000 	/System/Library/Frameworks/Accelerate.framework/Versions/A/Frameworks/vecLib.framework/Versions/A/libSparseBLAS.dylib
0x00000000093d8000 	/System/Library/PrivateFrameworks/GPUCompiler.framework/libmetal_timestamp.dylib
0x00000000093d8000 	/System/Library/Frameworks/OpenGL.framework/Versions/A/Libraries/libCoreFSCache.dylib
0x00000000093d8000 	/System/Library/PrivateFrameworks/IOAccelerator.framework/Versions/A/IOAccelerator
0x00000000093d8000 	/System/Library/Frameworks/ApplicationServices.framework/Versions/A/Frameworks/ATS.framework/Versions/A/Resources/libFontParser.dylib
0x00000000093d8000 	/System/Library/Frameworks/ApplicationServices.framework/Versions/A/Frameworks/ATS.framework/Versions/A/Resources/libFontRegistry.dylib
0x00000000093d8000 	/System/Library/PrivateFrameworks/AppleVPA.framework/Versions/A/AppleVPA
0x00000000093d8000 	/System/Library/PrivateFrameworks/AppleJPEG.framework/Versions/A/AppleJPEG
0x00000000093d8000 	/System/Library/Frameworks/ImageIO.framework/Versions/A/Resources/libJPEG.dylib
0x00000000093d8000 	/System/Library/Frameworks/ImageIO.framework/Versions/A/Resources/libTIFF.dylib
0x00000000093d8000 	/System/Library/Frameworks/ImageIO.framework/Versions/A/Resources/libPng.dylib
0x00000000093d8000 	/System/Library/Frameworks/ImageIO.framework/Versions/A/Resources/libGIF.dylib
0x00000000093d8000 	/System/Library/Frameworks/ImageIO.framework/Versions/A/Resources/libJP2.dylib
0x00000000093d8000 	/System/Library/Frameworks/ImageIO.framework/Versions/A/Resources/libRadiance.dylib
0x00000000093d8000 	/System/Library/Frameworks/CoreVideo.framework/Versions/A/CoreVideo
0x00000000093d8000 	/System/Library/Frameworks/OpenGL.framework/Versions/A/Libraries/libGLU.dylib
0x00000000093d8000 	/System/Library/Frameworks/OpenGL.framework/Versions/A/Libraries/libGFXShared.dylib
0x00000000093d8000 	/System/Library/Frameworks/OpenGL.framework/Versions/A/Libraries/libGL.dylib
0x00000000093d8000 	/System/Library/Frameworks/OpenGL.framework/Versions/A/Libraries/libGLImage.dylib
0x00000000093d8000 	/System/Library/Frameworks/OpenGL.framework/Versions/A/Libraries/libCVMSPluginSupport.dylib
0x00000000093d8000 	/System/Library/Frameworks/OpenGL.framework/Versions/A/Libraries/libCoreVMClient.dylib
0x00000000093d8000 	/usr/lib/libcups.2.dylib
0x00000000093d8000 	/System/Library/Frameworks/Kerberos.framework/Versions/A/Kerberos
0x00000000093d8000 	/System/Library/Frameworks/GSS.framework/Versions/A/GSS
0x00000000093d8000 	/usr/lib/libresolv.9.dylib
0x00000000093d8000 	/usr/lib/libiconv.2.dylib
0x00000000093d8000 	/System/Library/PrivateFrameworks/Heimdal.framework/Versions/A/Heimdal
0x00000000093d8000 	/usr/lib/libheimdal-asn1.dylib
0x00000000093d8000 	/System/Library/Frameworks/OpenDirectory.framework/Versions/A/OpenDirectory
0x00000000093d8000 	/System/Library/PrivateFrameworks/CommonAuth.framework/Versions/A/CommonAuth
0x00000000093d8000 	/System/Library/Frameworks/OpenDirectory.framework/Versions/A/Frameworks/CFOpenDirectory.framework/Versions/A/CFOpenDirectory
0x00000000093d8000 	/System/Library/Frameworks/SecurityFoundation.framework/Versions/A/SecurityFoundation
0x00000000093d8000 	/System/Library/PrivateFrameworks/LanguageModeling.framework/Versions/A/LanguageModeling
0x00000000093d8000 	/usr/lib/libmarisa.dylib
0x00000000093d8000 	/usr/lib/libChineseTokenizer.dylib
0x00000000093d8000 	/usr/lib/libcmph.dylib
0x00000000093d8000 	/usr/lib/libcompression.dylib
0x00000000093d8000 	/System/Library/Frameworks/ServiceManagement.framework/Versions/A/ServiceManagement
0x00000000093d8000 	/usr/lib/libxslt.1.dylib
0x00000000093d8000 	/System/Library/Frameworks/Carbon.framework/Versions/A/Frameworks/Ink.framework/Versions/A/Ink
0x00000000093d8000 	/usr/lib/libFosl_dynamic.dylib
0x00000000093d8000 	/System/Library/PrivateFrameworks/FaceCore.framework/Versions/A/FaceCore
0x00000000093d8000 	/System/Library/Frameworks/OpenCL.framework/Versions/A/OpenCL
0x00000000093d8000 	/System/Library/PrivateFrameworks/CrashReporterSupport.framework/Versions/A/CrashReporterSupport
0x00000000093d8000 	/System/Library/PrivateFrameworks/IconServices.framework/Versions/A/IconServices
0x00000000093d8000 	/System/Library/PrivateFrameworks/Apple80211.framework/Versions/A/Apple80211
0x00000000093d8000 	/System/Library/Frameworks/CoreWLAN.framework/Versions/A/CoreWLAN
0x00000000093d8000 	/System/Library/Frameworks/IOBluetooth.framework/Versions/A/IOBluetooth
0x00000000093d8000 	/System/Library/PrivateFrameworks/CoreWiFi.framework/Versions/A/CoreWiFi
0x00000000093d8000 	/System/Library/Frameworks/CoreBluetooth.framework/Versions/A/CoreBluetooth
0x00000000093d8000 	/System/Library/PrivateFrameworks/ChunkingLibrary.framework/Versions/A/ChunkingLibrary
0x00000000093d8000 	/System/Library/PrivateFrameworks/DebugSymbols.framework/Versions/A/DebugSymbols
0x00000000093d8000 	/System/Library/PrivateFrameworks/CoreSymbolication.framework/Versions/A/CoreSymbolication
0x00000000093d8000 	/System/Library/PrivateFrameworks/Symbolication.framework/Versions/A/Symbolication
0x00000000093d8000 	/System/Library/PrivateFrameworks/SpeechRecognitionCore.framework/Versions/A/SpeechRecognitionCore
0x000000010b657000 	/Library/Java/JavaVirtualMachines/jdk1.8.0_40.jdk/Contents/Home/jre/lib/server/libjvm.dylib
0x00000000093d8000 	/usr/lib/libstdc++.6.dylib
0x000000010c5c4000 	/Library/Java/JavaVirtualMachines/jdk1.8.0_40.jdk/Contents/Home/jre/lib/libverify.dylib
0x000000010ce00000 	/Library/Java/JavaVirtualMachines/jdk1.8.0_40.jdk/Contents/Home/jre/lib/libjava.dylib
0x000000010c5dc000 	/Library/Java/JavaVirtualMachines/jdk1.8.0_40.jdk/Contents/Home/jre/lib/libzip.dylib
0x000000012021a000 	/System/Library/Frameworks/JavaVM.framework/Frameworks/JavaRuntimeSupport.framework/JavaRuntimeSupport
0x0000000120235000 	/System/Library/Frameworks/JavaVM.framework/Versions/A/Frameworks/JavaNativeFoundation.framework/Versions/A/JavaNativeFoundation
0x000000012024a000 	/System/Library/Frameworks/JavaVM.framework/Versions/A/JavaVM
0x00000000093d8000 	/System/Library/Frameworks/Carbon.framework/Versions/A/Carbon
0x0000000120257000 	/System/Library/PrivateFrameworks/JavaLaunching.framework/Versions/A/JavaLaunching
0x00000000093d8000 	/System/Library/Frameworks/Carbon.framework/Versions/A/Frameworks/CommonPanels.framework/Versions/A/CommonPanels
0x00000000093d8000 	/System/Library/Frameworks/Carbon.framework/Versions/A/Frameworks/Help.framework/Versions/A/Help
0x00000000093d8000 	/System/Library/Frameworks/Carbon.framework/Versions/A/Frameworks/ImageCapture.framework/Versions/A/ImageCapture
0x00000000093d8000 	/System/Library/Frameworks/Carbon.framework/Versions/A/Frameworks/OpenScripting.framework/Versions/A/OpenScripting
0x00000000093d8000 	/System/Library/Frameworks/Carbon.framework/Versions/A/Frameworks/Print.framework/Versions/A/Print
0x00000000093d8000 	/System/Library/Frameworks/Carbon.framework/Versions/A/Frameworks/SecurityHI.framework/Versions/A/SecurityHI
0x0000000121c09000 	/Library/Java/JavaVirtualMachines/jdk1.8.0_40.jdk/Contents/Home/jre/lib/libprism_es2.dylib
0x00000000093d8000 	/System/Library/Frameworks/OpenGL.framework/Versions/A/Resources/GLEngine.bundle/GLEngine
0x00000000093d8000 	/System/Library/Frameworks/OpenGL.framework/Versions/A/Libraries/libGLProgrammability.dylib
0x0000000121c8b000 	/System/Library/Extensions/AppleIntelHD5000GraphicsGLDriver.bundle/Contents/MacOS/AppleIntelHD5000GraphicsGLDriver
0x00000000093d8000 	/System/Library/PrivateFrameworks/GPUSupport.framework/Versions/A/Libraries/libGPUSupportMercury.dylib
0x00000000093d8000 	/System/Library/Frameworks/OpenGL.framework/Versions/A/Resources/GLRendererFloat.bundle/GLRendererFloat
0x00000000093d8000 	/System/Library/Frameworks/OpenCL.framework/Versions/A/Libraries/libcldcpuengine.dylib
0x00000000093d8000 	/System/Library/PrivateFrameworks/DiskImages.framework/Versions/A/DiskImages
0x00000000093d8000 	/System/Library/Frameworks/DiscRecording.framework/Versions/A/DiscRecording
0x00000000093d8000 	/usr/lib/libcsfde.dylib
0x00000000093d8000 	/usr/lib/libcurl.4.dylib
0x00000000093d8000 	/System/Library/PrivateFrameworks/MediaKit.framework/Versions/A/MediaKit
0x00000000093d8000 	/System/Library/PrivateFrameworks/ProtectedCloudStorage.framework/Versions/A/ProtectedCloudStorage
0x00000000093d8000 	/usr/lib/libCoreStorage.dylib
0x00000000093d8000 	/System/Library/PrivateFrameworks/EFILogin.framework/Versions/A/EFILogin
0x00000000093d8000 	/usr/lib/libutil.dylib
0x00000000093d8000 	/System/Library/PrivateFrameworks/FindMyDevice.framework/Versions/A/FindMyDevice
0x00000000093d8000 	/System/Library/Frameworks/LDAP.framework/Versions/A/LDAP
0x00000000093d8000 	/usr/lib/libsasl2.2.dylib
0x00000000093d8000 	/System/Library/PrivateFrameworks/CoreDaemon.framework/Versions/B/CoreDaemon
0x00000000093d8000 	/usr/lib/libcrypto.0.9.8.dylib
0x00000000093d8000 	/System/Library/PrivateFrameworks/AppleSRP.framework/Versions/A/AppleSRP
0x00000000093d8000 	/System/Library/PrivateFrameworks/TrustEvaluationAgent.framework/Versions/A/TrustEvaluationAgent
0x0000000122815000 	/Library/Java/JavaVirtualMachines/jdk1.8.0_40.jdk/Contents/Home/jre/lib/libglass.dylib
0x00000000093d8000 	/System/Library/PrivateFrameworks/CoreServicesInternal.framework/Versions/A/CoreServicesInternal
0x00000000093d8000 	/System/Library/CoreServices/RawCamera.bundle/Contents/MacOS/RawCamera
0x00000000093d8000 	/System/Library/Frameworks/CoreGraphics.framework/Versions/A/Resources/libRIP.A.dylib
0x00000000093d8000 	/System/Library/Frameworks/Accelerate.framework/Versions/A/Frameworks/vImage.framework/Versions/A/Libraries/libCGInterfaces.dylib
0x00000000093d8000 	/System/Library/PrivateFrameworks/FamilyControls.framework/Versions/A/FamilyControls
0x00000000093d8000 	/System/Library/PrivateFrameworks/CommerceKit.framework/Versions/A/Frameworks/CommerceCore.framework/Versions/A/CommerceCore
0x00000000093d8000 	/System/Library/PrivateFrameworks/SystemAdministration.framework/Versions/A/SystemAdministration
0x00000000093d8000 	/System/Library/PrivateFrameworks/AppContainer.framework/Versions/A/AppContainer
0x00000000093d8000 	/System/Library/PrivateFrameworks/SecCodeWrapper.framework/Versions/A/SecCodeWrapper
0x00000000093d8000 	/System/Library/Frameworks/DirectoryService.framework/Versions/A/DirectoryService
0x00000000093d8000 	/System/Library/PrivateFrameworks/LoginUIKit.framework/Versions/A/Frameworks/LoginUICore.framework/Versions/A/LoginUICore
0x00000000093d8000 	/usr/lib/libodfde.dylib
0x00000001253e2000 	/Library/Java/JavaVirtualMachines/jdk1.8.0_40.jdk/Contents/Home/jre/lib/libjavafx_font.dylib
0x00000000093d8000 	/System/Library/Frameworks/CoreGraphics.framework/Versions/A/Resources/libCGXType.A.dylib
0x00000001231b4000 	/Library/Java/JavaVirtualMachines/jdk1.8.0_40.jdk/Contents/Home/jre/lib/libnet.dylib
0x0000000125478000 	/Library/Java/JavaVirtualMachines/jdk1.8.0_40.jdk/Contents/Home/jre/lib/libprism_common.dylib
0x0000000124ec1000 	cl_kernels
0x00000000093d8000 	/System/Library/Frameworks/OpenCL.framework/Versions/A/Libraries/ImageFormats/unorm8_bgra.dylib
0x00000000093d8000 	/System/Library/Frameworks/OpenCL.framework/Versions/A/Libraries/ImageFormats/unorm8_rgba.dylib
0x0000000128a2a000 	/System/Library/Extensions/AppleIntelHD5000GraphicsMTLDriver.bundle/Contents/MacOS/AppleIntelHD5000GraphicsMTLDriver

VM Arguments:
jvm_args: -ea -Dfile.encoding=UTF-8 
java_command: application.WhiteboardClient
java_class_path (initial): /Users/Lucas/Documents/workspace/Whiteboard/bin:/Users/Lucas/Desktop/eclipse/plugins/org.eclipse.fx.ide.css.jfx8_1.1.0.201411050807.jar
Launcher Type: SUN_STANDARD

Environment Variables:
PATH=/usr/bin:/bin:/usr/sbin:/sbin
SHELL=/bin/bash

Signal Handlers:
SIGSEGV: [libjvm.dylib+0x58ef95], sa_mask[0]=11111111011111110111111111111111, sa_flags=SA_ONSTACK|SA_RESTART|SA_SIGINFO
SIGBUS: [libjvm.dylib+0x58ef95], sa_mask[0]=11111111011111110111111111111111, sa_flags=SA_RESTART|SA_SIGINFO
SIGFPE: [libjvm.dylib+0x46c118], sa_mask[0]=11111111011111110111111111111111, sa_flags=SA_RESTART|SA_SIGINFO
SIGPIPE: [libjvm.dylib+0x46c118], sa_mask[0]=11111111011111110111111111111111, sa_flags=SA_RESTART|SA_SIGINFO
SIGXFSZ: [libjvm.dylib+0x46c118], sa_mask[0]=11111111011111110111111111111111, sa_flags=SA_RESTART|SA_SIGINFO
SIGILL: [libjvm.dylib+0x46c118], sa_mask[0]=11111111011111110111111111111111, sa_flags=SA_RESTART|SA_SIGINFO
SIGUSR1: SIG_DFL, sa_mask[0]=00000000000000000000000000000000, sa_flags=none
SIGUSR2: [libjvm.dylib+0x46bc36], sa_mask[0]=00100000000000000000000000000000, sa_flags=SA_RESTART|SA_SIGINFO
SIGHUP: [libjvm.dylib+0x46a209], sa_mask[0]=11111111011111110111111111111111, sa_flags=SA_RESTART|SA_SIGINFO
SIGINT: [libjvm.dylib+0x46a209], sa_mask[0]=11111111011111110111111111111111, sa_flags=SA_RESTART|SA_SIGINFO
SIGTERM: [libjvm.dylib+0x46a209], sa_mask[0]=11111111011111110111111111111111, sa_flags=SA_RESTART|SA_SIGINFO
SIGQUIT: [libjvm.dylib+0x46a209], sa_mask[0]=11111111011111110111111111111111, sa_flags=SA_RESTART|SA_SIGINFO


---------------  S Y S T E M  ---------------

OS:Bsduname:Darwin 15.0.0 Darwin Kernel Version 15.0.0: Wed Aug 26 16:57:32 PDT 2015; root:xnu-3247.1.106~1/RELEASE_X86_64 x86_64
rlimit: STACK 8192k, CORE 0k, NPROC 709, NOFILE 10240, AS infinity
load average:2.62 2.23 2.06

CPU:total 4 (2 cores per cpu, 2 threads per core) family 6 model 69 stepping 1, cmov, cx8, fxsr, mmx, sse, sse2, sse3, ssse3, sse4.1, sse4.2, popcnt, avx, avx2, aes, clmul, erms, lzcnt, ht, tsc, tscinvbit, bmi1, bmi2

Memory: 4k page, physical 4194304k(396240k free)

/proc/meminfo:


vm_info: Java HotSpot(TM) 64-Bit Server VM (25.40-b25) for bsd-amd64 JRE (1.8.0_40-b25), built on Feb 10 2015 21:07:25 by "java_re" with gcc 4.2.1 (Based on Apple Inc. build 5658) (LLVM build 2336.11.00)

time: Mon Oct  5 23:24:25 2015
elapsed time: 75 seconds (0d 0h 1m 15s)

