#
# A fatal error has been detected by the Java Runtime Environment:
#
#  SIGSEGV (0xb) at pc=0x000000011d74a5dd, pid=571, tid=2571
#
# JRE version: Java(TM) SE Runtime Environment (8.0_40-b25) (build 1.8.0_40-b25)
# Java VM: Java HotSpot(TM) 64-Bit Server VM (25.40-b25 mixed mode bsd-amd64 compressed oops)
# Problematic frame:
# C  [libglass.dylib+0x155dd]  GlassScreenDidChangeScreenParameters+0x9d
#
# Failed to write core dump. Core dumps have been disabled. To enable core dumping, try "ulimit -c unlimited" before starting Java again
#
# If you would like to submit a bug report, please visit:
#   http://bugreport.java.com/bugreport/crash.jsp
#

---------------  T H R E A D  ---------------

Current thread is native thread

siginfo: si_signo: 11 (SIGSEGV), si_code: 1 (SEGV_MAPERR), si_addr: 0x0000000000000000

Registers:
RAX=0x000000011d77cbc0, RBX=0x0000000000000000, RCX=0x0000000000000103, RDX=0x00007fb5ebc2d760
RSP=0x00007fff59901be0, RBP=0x00007fff59901bf0, RSI=0x00007fb5e9511630, RDI=0x0000000000000000
R8 =0x0000000000000040, R9 =0x00007fff74bc51e0, R10=0xffffffffffffffff, R11=0x0000000000000246
R12=0x00007fb5ebb6f450, R13=0x00007fb5e96277f0, R14=0x00007fb5e9626f60, R15=0x0000000000000000
RIP=0x000000011d74a5dd, EFLAGS=0x0000000000010206, ERR=0x0000000000000004
  TRAPNO=0x000000000000000e

Top of Stack: (sp=0x00007fff59901be0)
0x00007fff59901be0:   00007fff59901c38 00007fb5e9626f60
0x00007fff59901bf0:   00007fff59901c00 00007fff867f4a0c
0x00007fff59901c00:   00007fff59901c20 00007fff867f499f
0x00007fff59901c10:   0000000000000000 0000000000000000
0x00007fff59901c20:   00007fff59901c90 00007fff867f4917
0x00007fff59901c30:   00007fff756d9110 00007fff730d80a0
0x00007fff59901c40:   0000000042000000 00007fff867f4960
0x00007fff59901c50:   00007fff736266f0 00007fb5e96277f0
0x00007fff59901c60:   00007fb5ebb6f450 00007fff59902438
0x00007fff59901c70:   00007fff73751bd0 00007fff59902438
0x00007fff59901c80:   00007fb5e96277f0 00007fff86bb3955
0x00007fff59901c90:   00007fff59901cd0 00007fff867f4682
0x00007fff59901ca0:   00007fff599022b0 0000000000000000
0x00007fff59901cb0:   00007fff73751bd0 00007fff59902438
0x00007fff59901cc0:   00007fff8730bd40 00007fff86bb3955
0x00007fff59901cd0:   00007fff599023e0 00007fff867b1442
0x00007fff59901ce0:   00007fb5ebe30500 0000000000000002
0x00007fff59901cf0:   0000000000000000 00007fb5e9414000
0x00007fff59901d00:   00007fb5ea800048 00007fb5e9550540
0x00007fff59901d10:   0000000000000000 00007fb5e9627860
0x00007fff59901d20:   0000000000000000 0000000000000000
0x00007fff59901d30:   00007fff736635b0 00007fff599022b0
0x00007fff59901d40:   0000000000000001 0000000000000100
0x00007fff59901d50:   0000000000001300 00007fff599021b0
0x00007fff59901d60:   0000000000000000 0000000000000100
0x00007fff59901d70:   4094f80000000000 00007fff73751bd0
0x00007fff59901d80:   0000000000000000 00007fff73627490
0x00007fff59901d90:   00007fff73751bd0 0000000000000000
0x00007fff59901da0:   00007fff73627490 00007fb5e9603bb0
0x00007fff59901db0:   00007fb5ebe30500 0000000000000002
0x00007fff59901dc0:   0000000000000000 00007fff8730bd40
0x00007fff59901dd0:   00007fff59901f90 00007fff941902a4 

Instructions: (pc=0x000000011d74a5dd)
0x000000011d74a5bd:   89 df 4c 89 f1 41 ff 90 68 04 00 00 48 8d 05 f8
0x000000011d74a5cd:   24 03 00 48 8b 30 48 8d 05 e6 25 03 00 48 8b 10
0x000000011d74a5dd:   48 8b 0b 30 c0 48 89 df ff 91 68 04 00 00 48 8b
0x000000011d74a5ed:   03 48 89 df ff 50 78 48 85 c0 74 36 49 89 c6 48 

Register to memory mapping:

RAX=0x000000011d77cbc0: jScreenNotifySettingsChanged+0 in /Library/Java/JavaVirtualMachines/jdk1.8.0_40.jdk/Contents/Home/jre/lib/libglass.dylib at 0x000000011d735000
RBX=0x0000000000000000 is an unknown value
RCX=0x0000000000000103 is an unknown value
RDX=0x00007fb5ebc2d760 is an unknown value
RSP=0x00007fff59901be0 is an unknown value
RBP=0x00007fff59901bf0 is an unknown value
RSI=0x00007fb5e9511630 is a global jni handle
RDI=0x0000000000000000 is an unknown value
R8 =0x0000000000000040 is an unknown value
R9 =0x00007fff74bc51e0: __sFX+0x1c0 in /usr/lib/system/libsystem_c.dylib at 0x00007fff8ed72000
R10=0xffffffffffffffff is an unknown value
R11=0x0000000000000246 is an unknown value
R12=0x00007fb5ebb6f450 is an unknown value
R13=0x00007fb5e96277f0 is an unknown value
R14=0x00007fb5e9626f60 is an unknown value
R15=0x0000000000000000 is an unknown value


Stack: [0x00007fff59105000,0x00007fff59905000],  sp=0x00007fff59901be0,  free space=8178k
Native frames: (J=compiled Java code, j=interpreted, Vv=VM code, C=native code)
C  [libglass.dylib+0x155dd]  GlassScreenDidChangeScreenParameters+0x9d
C  [CoreFoundation+0xa0a0c]  __CFNOTIFICATIONCENTER_IS_CALLING_OUT_TO_AN_OBSERVER__+0xc
C  [CoreFoundation+0xa099f]  ___CFXRegistrationPost_block_invoke+0x3f
C  [CoreFoundation+0xa0917]  _CFXRegistrationPost+0x197
C  [CoreFoundation+0xa0682]  ___CFXNotificationPost_block_invoke+0x32
C  [CoreFoundation+0x5d442]  -[_CFXNotificationRegistrar find:object:observer:enumerator:]+0x782
C  [CoreFoundation+0x5c695]  _CFXNotificationPost+0x2b5
C  [Foundation+0x731a]  -[NSNotificationCenter postNotificationName:object:userInfo:]+0x42
C  [AppKit+0x41dbae]  -[NSApplication _reactToScreenInvalidationImmediately:]+0x17f
C  [AppKit+0x41d9ff]  __44-[NSApplication _reactToScreenInvalidation:]_block_invoke+0x3b
C  [CoreFoundation+0xaa24c]  __CFRUNLOOP_IS_CALLING_OUT_TO_A_BLOCK__+0xc
C  [CoreFoundation+0x89b65]  __CFRunLoopDoBlocks+0x155
C  [CoreFoundation+0x898cb]  __CFRunLoopRun+0x92b
C  [CoreFoundation+0x88d38]  CFRunLoopRunSpecific+0x128
C  [java+0x6490]  CreateExecutionEnvironment+0x367
C  [java+0x221c]  JLI_Launch+0x7a0
C  [java+0x84ed]  main+0x65
C  [java+0x1a74]  start+0x34


---------------  P R O C E S S  ---------------

VM state:not at safepoint (normal execution)

VM Mutex/Monitor currently owned by a thread: None

Heap:
 PSYoungGen      total 35328K, used 1873K [0x00000007aab00000, 0x00000007af000000, 0x00000007c0000000)
  eden space 32768K, 5% used [0x00000007aab00000,0x00000007aacd46a8,0x00000007acb00000)
  from space 2560K, 0% used [0x00000007acb00000,0x00000007acb00000,0x00000007acd80000)
  to   space 2560K, 0% used [0x00000007aed80000,0x00000007aed80000,0x00000007af000000)
 ParOldGen       total 30720K, used 8604K [0x0000000780000000, 0x0000000781e00000, 0x00000007aab00000)
  object space 30720K, 28% used [0x0000000780000000,0x0000000780867170,0x0000000781e00000)
 Metaspace       used 20149K, capacity 21444K, committed 21552K, reserved 1067008K
  class space    used 2905K, capacity 3177K, committed 3200K, reserved 1048576K

Card table byte_map: [0x0000000117129000,0x000000011732a000] byte_map_base: 0x0000000113529000

Marking Bits: (ParMarkBitMap*) 0x00000001076c27a0
 Begin Bits: [0x0000000117480000, 0x0000000118480000)
 End Bits:   [0x0000000118480000, 0x0000000119480000)

Polling page: 0x00000001065be000

CodeCache: size=245760Kb used=8163Kb max_used=8163Kb free=237596Kb
 bounds [0x0000000107d69000, 0x0000000108569000, 0x0000000116d69000]
 total_blobs=3399 nmethods=2732 adapters=580
 compilation: enabled

Compilation events (10 events):
Event: 33.179 Thread 0x00007fb5ea827000 2749       3       com.sun.prism.impl.BaseGraphics::setStroke (6 bytes)
Event: 33.179 Thread 0x00007fb5ea827000 nmethod 2749 0x0000000108560b10 code [0x0000000108560c60, 0x0000000108560dd0]
Event: 33.179 Thread 0x00007fb5ea827000 2750       3       com.sun.javafx.geom.Path2D::moveTo (166 bytes)
Event: 33.180 Thread 0x00007fb5ea827000 nmethod 2750 0x0000000108560e50 code [0x0000000108560fe0, 0x0000000108561388]
Event: 33.181 Thread 0x00007fb5ea827000 2751       3       com.sun.javafx.geom.Rectangle::<init> (26 bytes)
Event: 33.181 Thread 0x00007fb5ea827000 nmethod 2751 0x0000000108561610 code [0x0000000108561780, 0x0000000108561930]
Event: 33.181 Thread 0x00007fb5ea827000 2752       3       com.sun.javafx.geom.transform.GeneralTransform3D::mul (1991 bytes)
Event: 33.184 Thread 0x00007fb5ea827000 nmethod 2752 0x0000000108561a10 code [0x0000000108561ca0, 0x00000001085634b8]
Event: 33.184 Thread 0x00007fb5ea827000 2753       3       com.sun.javafx.sg.prism.NGNode::needsBlending (22 bytes)
Event: 33.184 Thread 0x00007fb5ea827000 nmethod 2753 0x0000000108565b90 code [0x0000000108565d00, 0x0000000108565f90]

GC Heap History (10 events):
Event: 0.752 GC heap before
{Heap before GC invocations=1 (full 0):
 PSYoungGen      total 18944K, used 16384K [0x00000007aab00000, 0x00000007ac000000, 0x00000007c0000000)
  eden space 16384K, 100% used [0x00000007aab00000,0x00000007abb00000,0x00000007abb00000)
  from space 2560K, 0% used [0x00000007abd80000,0x00000007abd80000,0x00000007ac000000)
  to   space 2560K, 0% used [0x00000007abb00000,0x00000007abb00000,0x00000007abd80000)
 ParOldGen       total 44032K, used 0K [0x0000000780000000, 0x0000000782b00000, 0x00000007aab00000)
  object space 44032K, 0% used [0x0000000780000000,0x0000000780000000,0x0000000782b00000)
 Metaspace       used 9629K, capacity 9954K, committed 10112K, reserved 1058816K
  class space    used 1215K, capacity 1327K, committed 1408K, reserved 1048576K
Event: 0.772 GC heap after
Heap after GC invocations=1 (full 0):
 PSYoungGen      total 18944K, used 2536K [0x00000007aab00000, 0x00000007ad000000, 0x00000007c0000000)
  eden space 16384K, 0% used [0x00000007aab00000,0x00000007aab00000,0x00000007abb00000)
  from space 2560K, 99% used [0x00000007abb00000,0x00000007abd7a030,0x00000007abd80000)
  to   space 2560K, 0% used [0x00000007acd80000,0x00000007acd80000,0x00000007ad000000)
 ParOldGen       total 44032K, used 72K [0x0000000780000000, 0x0000000782b00000, 0x00000007aab00000)
  object space 44032K, 0% used [0x0000000780000000,0x0000000780012010,0x0000000782b00000)
 Metaspace       used 9629K, capacity 9954K, committed 10112K, reserved 1058816K
  class space    used 1215K, capacity 1327K, committed 1408K, reserved 1048576K
}
Event: 1.087 GC heap before
{Heap before GC invocations=2 (full 0):
 PSYoungGen      total 18944K, used 11277K [0x00000007aab00000, 0x00000007ad000000, 0x00000007c0000000)
  eden space 16384K, 53% used [0x00000007aab00000,0x00000007ab389480,0x00000007abb00000)
  from space 2560K, 99% used [0x00000007abb00000,0x00000007abd7a030,0x00000007abd80000)
  to   space 2560K, 0% used [0x00000007acd80000,0x00000007acd80000,0x00000007ad000000)
 ParOldGen       total 44032K, used 72K [0x0000000780000000, 0x0000000782b00000, 0x00000007aab00000)
  object space 44032K, 0% used [0x0000000780000000,0x0000000780012010,0x0000000782b00000)
 Metaspace       used 12239K, capacity 12652K, committed 12800K, reserved 1060864K
  class space    used 1589K, capacity 1712K, committed 1792K, reserved 1048576K
Event: 1.093 GC heap after
Heap after GC invocations=2 (full 0):
 PSYoungGen      total 35328K, used 2544K [0x00000007aab00000, 0x00000007ad000000, 0x00000007c0000000)
  eden space 32768K, 0% used [0x00000007aab00000,0x00000007aab00000,0x00000007acb00000)
  from space 2560K, 99% used [0x00000007acd80000,0x00000007acffc030,0x00000007ad000000)
  to   space 2560K, 0% used [0x00000007acb00000,0x00000007acb00000,0x00000007acd80000)
 ParOldGen       total 44032K, used 1117K [0x0000000780000000, 0x0000000782b00000, 0x00000007aab00000)
  object space 44032K, 2% used [0x0000000780000000,0x0000000780117428,0x0000000782b00000)
 Metaspace       used 12239K, capacity 12652K, committed 12800K, reserved 1060864K
  class space    used 1589K, capacity 1712K, committed 1792K, reserved 1048576K
}
Event: 1.093 GC heap before
{Heap before GC invocations=3 (full 1):
 PSYoungGen      total 35328K, used 2544K [0x00000007aab00000, 0x00000007ad000000, 0x00000007c0000000)
  eden space 32768K, 0% used [0x00000007aab00000,0x00000007aab00000,0x00000007acb00000)
  from space 2560K, 99% used [0x00000007acd80000,0x00000007acffc030,0x00000007ad000000)
  to   space 2560K, 0% used [0x00000007acb00000,0x00000007acb00000,0x00000007acd80000)
 ParOldGen       total 44032K, used 1117K [0x0000000780000000, 0x0000000782b00000, 0x00000007aab00000)
  object space 44032K, 2% used [0x0000000780000000,0x0000000780117428,0x0000000782b00000)
 Metaspace       used 12239K, capacity 12652K, committed 12800K, reserved 1060864K
  class space    used 1589K, capacity 1712K, committed 1792K, reserved 1048576K
Event: 1.125 GC heap after
Heap after GC invocations=3 (full 1):
 PSYoungGen      total 35328K, used 0K [0x00000007aab00000, 0x00000007ad000000, 0x00000007c0000000)
  eden space 32768K, 0% used [0x00000007aab00000,0x00000007aab00000,0x00000007acb00000)
  from space 2560K, 0% used [0x00000007acd80000,0x00000007acd80000,0x00000007ad000000)
  to   space 2560K, 0% used [0x00000007acb00000,0x00000007acb00000,0x00000007acd80000)
 ParOldGen       total 44032K, used 3609K [0x0000000780000000, 0x0000000782b00000, 0x00000007aab00000)
  object space 44032K, 8% used [0x0000000780000000,0x0000000780386628,0x0000000782b00000)
 Metaspace       used 12239K, capacity 12652K, committed 12800K, reserved 1060864K
  class space    used 1589K, capacity 1712K, committed 1792K, reserved 1048576K
}
Event: 31.393 GC heap before
{Heap before GC invocations=4 (full 1):
 PSYoungGen      total 35328K, used 30739K [0x00000007aab00000, 0x00000007ad000000, 0x00000007c0000000)
  eden space 32768K, 93% used [0x00000007aab00000,0x00000007ac904f08,0x00000007acb00000)
  from space 2560K, 0% used [0x00000007acd80000,0x00000007acd80000,0x00000007ad000000)
  to   space 2560K, 0% used [0x00000007acb00000,0x00000007acb00000,0x00000007acd80000)
 ParOldGen       total 44032K, used 3609K [0x0000000780000000, 0x0000000782b00000, 0x00000007aab00000)
  object space 44032K, 8% used [0x0000000780000000,0x0000000780386628,0x0000000782b00000)
 Metaspace       used 20028K, capacity 21194K, committed 21296K, reserved 1067008K
  class space    used 2899K, capacity 3138K, committed 3200K, reserved 1048576K
Event: 31.407 GC heap after
Heap after GC invocations=4 (full 1):
 PSYoungGen      total 35328K, used 2530K [0x00000007aab00000, 0x00000007af000000, 0x00000007c0000000)
  eden space 32768K, 0% used [0x00000007aab00000,0x00000007aab00000,0x00000007acb00000)
  from space 2560K, 98% used [0x00000007acb00000,0x00000007acd78a90,0x00000007acd80000)
  to   space 2560K, 0% used [0x00000007aed80000,0x00000007aed80000,0x00000007af000000)
 ParOldGen       total 44032K, used 6244K [0x0000000780000000, 0x0000000782b00000, 0x00000007aab00000)
  object space 44032K, 14% used [0x0000000780000000,0x0000000780619288,0x0000000782b00000)
 Metaspace       used 20028K, capacity 21194K, committed 21296K, reserved 1067008K
  class space    used 2899K, capacity 3138K, committed 3200K, reserved 1048576K
}
Event: 31.407 GC heap before
{Heap before GC invocations=5 (full 2):
 PSYoungGen      total 35328K, used 2530K [0x00000007aab00000, 0x00000007af000000, 0x00000007c0000000)
  eden space 32768K, 0% used [0x00000007aab00000,0x00000007aab00000,0x00000007acb00000)
  from space 2560K, 98% used [0x00000007acb00000,0x00000007acd78a90,0x00000007acd80000)
  to   space 2560K, 0% used [0x00000007aed80000,0x00000007aed80000,0x00000007af000000)
 ParOldGen       total 44032K, used 6244K [0x0000000780000000, 0x0000000782b00000, 0x00000007aab00000)
  object space 44032K, 14% used [0x0000000780000000,0x0000000780619288,0x0000000782b00000)
 Metaspace       used 20028K, capacity 21194K, committed 21296K, reserved 1067008K
  class space    used 2899K, capacity 3138K, committed 3200K, reserved 1048576K
Event: 31.475 GC heap after
Heap after GC invocations=5 (full 2):
 PSYoungGen      total 35328K, used 0K [0x00000007aab00000, 0x00000007af000000, 0x00000007c0000000)
  eden space 32768K, 0% used [0x00000007aab00000,0x00000007aab00000,0x00000007acb00000)
  from space 2560K, 0% used [0x00000007acb00000,0x00000007acb00000,0x00000007acd80000)
  to   space 2560K, 0% used [0x00000007aed80000,0x00000007aed80000,0x00000007af000000)
 ParOldGen       total 30720K, used 8604K [0x0000000780000000, 0x0000000781e00000, 0x00000007aab00000)
  object space 30720K, 28% used [0x0000000780000000,0x0000000780867170,0x0000000781e00000)
 Metaspace       used 20028K, capacity 21194K, committed 21296K, reserved 1067008K
  class space    used 2899K, capacity 3138K, committed 3200K, reserved 1048576K
}

Deoptimization events (10 events):
Event: 1.356 Thread 0x00007fb5e9976000 Uncommon trap: reason=class_check action=maybe_recompile pc=0x0000000107e8e79c method=java.lang.String.equals(Ljava/lang/Object;)Z @ 8
Event: 1.356 Thread 0x00007fb5e9976000 Uncommon trap: reason=class_check action=maybe_recompile pc=0x0000000107e8e79c method=java.lang.String.equals(Ljava/lang/Object;)Z @ 8
Event: 1.667 Thread 0x00007fb5e9976000 Uncommon trap: reason=unstable_if action=reinterpret pc=0x0000000107ff1be0 method=java.lang.CharacterData.of(I)Ljava/lang/CharacterData; @ 4
Event: 1.992 Thread 0x00007fb5e9976000 Uncommon trap: reason=unstable_if action=reinterpret pc=0x00000001081706f4 method=jdk.internal.org.objectweb.asm.Type.getArgumentsAndReturnSizes(Ljava/lang/String;)I @ 47
Event: 5.346 Thread 0x00007fb5e9976000 Uncommon trap: reason=unstable_if action=reinterpret pc=0x000000010827bcc8 method=com.sun.javafx.css.BitSet.add(Ljava/lang/Object;)Z @ 91
Event: 5.361 Thread 0x00007fb5e9976000 Uncommon trap: reason=array_check action=maybe_recompile pc=0x000000010834d8b8 method=com.sun.javafx.css.SimpleSelector.applies(Ljavafx/css/Styleable;[Ljava/util/Set;I)Z @ 37
Event: 5.361 Thread 0x00007fb5e9976000 Uncommon trap: reason=array_check action=maybe_recompile pc=0x000000010834d8b8 method=com.sun.javafx.css.SimpleSelector.applies(Ljavafx/css/Styleable;[Ljava/util/Set;I)Z @ 37
Event: 5.361 Thread 0x00007fb5e9976000 Uncommon trap: reason=array_check action=maybe_recompile pc=0x000000010834d8b8 method=com.sun.javafx.css.SimpleSelector.applies(Ljavafx/css/Styleable;[Ljava/util/Set;I)Z @ 37
Event: 5.361 Thread 0x00007fb5e9976000 Uncommon trap: reason=array_check action=maybe_recompile pc=0x000000010834d8b8 method=com.sun.javafx.css.SimpleSelector.applies(Ljavafx/css/Styleable;[Ljava/util/Set;I)Z @ 37
Event: 32.026 Thread 0x00007fb5e9976000 Uncommon trap: reason=unstable_if action=reinterpret pc=0x00000001083eb7d0 method=java.util.WeakHashMap.expungeStaleEntries()V @ 9

Internal exceptions (10 events):
Event: 0.724 Thread 0x00007fb5e9976000 Exception <a 'java/lang/ArrayIndexOutOfBoundsException'> (0x00000007aba03408) thrown at [/Users/java_re/workspace/8-2-build-macosx-x86_64/jdk8u40/2855/hotspot/src/share/vm/runtime/sharedRuntime.cpp, line 605]
Event: 0.831 Thread 0x00007fb5e9976000 Exception <a 'java/lang/ArrayIndexOutOfBoundsException'> (0x00000007aad15158) thrown at [/Users/java_re/workspace/8-2-build-macosx-x86_64/jdk8u40/2855/hotspot/src/share/vm/runtime/sharedRuntime.cpp, line 605]
Event: 0.955 Thread 0x00007fb5e9976000 Implicit null exception at 0x0000000108054822 to 0x0000000108054981
Event: 1.020 Thread 0x00007fb5e9976000 Exception <a 'java/io/FileNotFoundException'> (0x00000007ab2ad500) thrown at [/Users/java_re/workspace/8-2-build-macosx-x86_64/jdk8u40/2855/hotspot/src/share/vm/prims/jni.cpp, line 709]
Event: 1.130 Thread 0x00007fb5e9976000 Exception <a 'java/lang/NoSuchMethodError': <clinit>> (0x00000007aab067a8) thrown at [/Users/java_re/workspace/8-2-build-macosx-x86_64/jdk8u40/2855/hotspot/src/share/vm/prims/jni.cpp, line 1598]
Event: 1.135 Thread 0x00007fb5e9976000 Exception <a 'java/lang/NoSuchMethodError': <clinit>> (0x00000007aab1fa78) thrown at [/Users/java_re/workspace/8-2-build-macosx-x86_64/jdk8u40/2855/hotspot/src/share/vm/prims/jni.cpp, line 1598]
Event: 1.139 Thread 0x00007fb5eb169800 Exception <a 'java/lang/InterruptedException'> (0x00000007aab866b8) thrown at [/Users/java_re/workspace/8-2-build-macosx-x86_64/jdk8u40/2855/hotspot/src/share/vm/runtime/objectMonitor.cpp, line 1683]
Event: 1.232 Thread 0x00007fb5e9976000 Implicit null exception at 0x0000000108053ff5 to 0x000000010805422d
Event: 1.232 Thread 0x00007fb5e9976000 Implicit null exception at 0x00000001080bbf7b to 0x00000001080bc665
Event: 5.044 Thread 0x00007fb5e9976000 Exception <a 'java/io/FileNotFoundException'> (0x00000007abec9860) thrown at [/Users/java_re/workspace/8-2-build-macosx-x86_64/jdk8u40/2855/hotspot/src/share/vm/prims/jni.cpp, line 709]

Events (10 events):
Event: 33.718 loading class com/sun/javafx/tk/quantum/QuantumRenderer done
Event: 33.718 loading class com/sun/javafx/tk/quantum/QuantumToolkit
Event: 33.718 loading class com/sun/javafx/tk/quantum/QuantumToolkit done
Event: 33.718 Thread 0x00007fb5eb0cb000 Thread exited: 0x00007fb5eb0cb000
Event: 33.719 Thread 0x00007fb5ea94c000 Thread exited: 0x00007fb5ea94c000
Event: 33.719 Thread 0x00007fb5ea004800 Thread exited: 0x00007fb5ea004800
Event: 33.719 Thread 0x00007fb5ea004800 Thread added: 0x00007fb5ea004800
Event: 33.719 Thread 0x00007fb5e9976000 Thread exited: 0x00007fb5e9976000
Event: 38.253 loading class sun/net/ResourceManager
Event: 38.253 loading class sun/net/ResourceManager done


Dynamic libraries:
0x0000000002d99000 	/System/Library/Frameworks/Cocoa.framework/Versions/A/Cocoa
0x0000000002d99000 	/System/Library/Frameworks/Security.framework/Versions/A/Security
0x0000000002d99000 	/System/Library/Frameworks/ApplicationServices.framework/Versions/A/ApplicationServices
0x0000000002d99000 	/usr/lib/libz.1.dylib
0x0000000002d99000 	/usr/lib/libSystem.B.dylib
0x0000000002d99000 	/usr/lib/libobjc.A.dylib
0x0000000002d99000 	/System/Library/Frameworks/CoreFoundation.framework/Versions/A/CoreFoundation
0x0000000002d99000 	/System/Library/Frameworks/Foundation.framework/Versions/C/Foundation
0x0000000002d99000 	/System/Library/Frameworks/AppKit.framework/Versions/C/AppKit
0x0000000002d99000 	/System/Library/Frameworks/CoreData.framework/Versions/A/CoreData
0x0000000002d99000 	/System/Library/PrivateFrameworks/RemoteViewServices.framework/Versions/A/RemoteViewServices
0x0000000002d99000 	/System/Library/PrivateFrameworks/UIFoundation.framework/Versions/A/UIFoundation
0x0000000002d99000 	/usr/lib/libScreenReader.dylib
0x0000000002d99000 	/System/Library/Frameworks/Accelerate.framework/Versions/A/Accelerate
0x0000000002d99000 	/System/Library/Frameworks/IOSurface.framework/Versions/A/IOSurface
0x0000000002d99000 	/System/Library/Frameworks/AudioToolbox.framework/Versions/A/AudioToolbox
0x0000000002d99000 	/System/Library/Frameworks/AudioUnit.framework/Versions/A/AudioUnit
0x0000000002d99000 	/System/Library/PrivateFrameworks/DataDetectorsCore.framework/Versions/A/DataDetectorsCore
0x0000000002d99000 	/System/Library/PrivateFrameworks/DesktopServicesPriv.framework/Versions/A/DesktopServicesPriv
0x0000000002d99000 	/System/Library/Frameworks/Carbon.framework/Versions/A/Frameworks/HIToolbox.framework/Versions/A/HIToolbox
0x0000000002d99000 	/System/Library/Frameworks/QuartzCore.framework/Versions/A/QuartzCore
0x0000000002d99000 	/System/Library/Frameworks/Carbon.framework/Versions/A/Frameworks/SpeechRecognition.framework/Versions/A/SpeechRecognition
0x0000000002d99000 	/usr/lib/libauto.dylib
0x0000000002d99000 	/usr/lib/libicucore.A.dylib
0x0000000002d99000 	/usr/lib/libxml2.2.dylib
0x0000000002d99000 	/System/Library/PrivateFrameworks/CoreUI.framework/Versions/A/CoreUI
0x0000000002d99000 	/System/Library/Frameworks/CoreAudio.framework/Versions/A/CoreAudio
0x0000000002d99000 	/System/Library/Frameworks/DiskArbitration.framework/Versions/A/DiskArbitration
0x0000000002d99000 	/usr/lib/liblangid.dylib
0x0000000002d99000 	/System/Library/PrivateFrameworks/MultitouchSupport.framework/Versions/A/MultitouchSupport
0x0000000002d99000 	/System/Library/Frameworks/IOKit.framework/Versions/A/IOKit
0x0000000002d99000 	/usr/lib/libDiagnosticMessagesClient.dylib
0x0000000002d99000 	/System/Library/Frameworks/CoreServices.framework/Versions/A/CoreServices
0x0000000002d99000 	/System/Library/PrivateFrameworks/PerformanceAnalysis.framework/Versions/A/PerformanceAnalysis
0x0000000002d99000 	/System/Library/PrivateFrameworks/GenerationalStorage.framework/Versions/A/GenerationalStorage
0x0000000002d99000 	/System/Library/Frameworks/OpenGL.framework/Versions/A/OpenGL
0x0000000002d99000 	/System/Library/PrivateFrameworks/Sharing.framework/Versions/A/Sharing
0x0000000002d99000 	/System/Library/Frameworks/CoreGraphics.framework/Versions/A/CoreGraphics
0x0000000002d99000 	/System/Library/Frameworks/CoreImage.framework/Versions/A/CoreImage
0x0000000002d99000 	/System/Library/Frameworks/CoreText.framework/Versions/A/CoreText
0x0000000002d99000 	/System/Library/Frameworks/ImageIO.framework/Versions/A/ImageIO
0x0000000002d99000 	/System/Library/PrivateFrameworks/Backup.framework/Versions/A/Backup
0x0000000002d99000 	/usr/lib/libextension.dylib
0x0000000002d99000 	/usr/lib/libarchive.2.dylib
0x0000000002d99000 	/System/Library/Frameworks/CFNetwork.framework/Versions/A/CFNetwork
0x0000000002d99000 	/System/Library/Frameworks/SystemConfiguration.framework/Versions/A/SystemConfiguration
0x0000000002d99000 	/usr/lib/libCRFSuite.dylib
0x0000000002d99000 	/usr/lib/libc++.1.dylib
0x0000000002d99000 	/usr/lib/libc++abi.dylib
0x0000000002d99000 	/usr/lib/system/libcache.dylib
0x0000000002d99000 	/usr/lib/system/libcommonCrypto.dylib
0x0000000002d99000 	/usr/lib/system/libcompiler_rt.dylib
0x0000000002d99000 	/usr/lib/system/libcopyfile.dylib
0x0000000002d99000 	/usr/lib/system/libcorecrypto.dylib
0x0000000002d99000 	/usr/lib/system/libdispatch.dylib
0x0000000002d99000 	/usr/lib/system/libdyld.dylib
0x0000000002d99000 	/usr/lib/system/libkeymgr.dylib
0x0000000002d99000 	/usr/lib/system/liblaunch.dylib
0x0000000002d99000 	/usr/lib/system/libmacho.dylib
0x0000000002d99000 	/usr/lib/system/libquarantine.dylib
0x0000000002d99000 	/usr/lib/system/libremovefile.dylib
0x0000000002d99000 	/usr/lib/system/libsystem_asl.dylib
0x0000000002d99000 	/usr/lib/system/libsystem_blocks.dylib
0x0000000002d99000 	/usr/lib/system/libsystem_c.dylib
0x0000000002d99000 	/usr/lib/system/libsystem_configuration.dylib
0x0000000002d99000 	/usr/lib/system/libsystem_coreservices.dylib
0x0000000002d99000 	/usr/lib/system/libsystem_coretls.dylib
0x0000000002d99000 	/usr/lib/system/libsystem_dnssd.dylib
0x0000000002d99000 	/usr/lib/system/libsystem_info.dylib
0x0000000002d99000 	/usr/lib/system/libsystem_kernel.dylib
0x0000000002d99000 	/usr/lib/system/libsystem_m.dylib
0x0000000002d99000 	/usr/lib/system/libsystem_malloc.dylib
0x0000000002d99000 	/usr/lib/system/libsystem_network.dylib
0x0000000002d99000 	/usr/lib/system/libsystem_networkextension.dylib
0x0000000002d99000 	/usr/lib/system/libsystem_notify.dylib
0x0000000002d99000 	/usr/lib/system/libsystem_platform.dylib
0x0000000002d99000 	/usr/lib/system/libsystem_pthread.dylib
0x0000000002d99000 	/usr/lib/system/libsystem_sandbox.dylib
0x0000000002d99000 	/usr/lib/system/libsystem_secinit.dylib
0x0000000002d99000 	/usr/lib/system/libsystem_trace.dylib
0x0000000002d99000 	/usr/lib/system/libunc.dylib
0x0000000002d99000 	/usr/lib/system/libunwind.dylib
0x0000000002d99000 	/usr/lib/system/libxpc.dylib
0x0000000002d99000 	/usr/lib/libenergytrace.dylib
0x0000000002d99000 	/usr/lib/libbsm.0.dylib
0x0000000002d99000 	/usr/lib/system/libkxld.dylib
0x0000000002d99000 	/usr/lib/libxar.1.dylib
0x0000000002d99000 	/usr/lib/libsqlite3.dylib
0x0000000002d99000 	/usr/lib/libpam.2.dylib
0x0000000002d99000 	/usr/lib/libOpenScriptingUtil.dylib
0x0000000002d99000 	/usr/lib/libbz2.1.0.dylib
0x0000000002d99000 	/usr/lib/liblzma.5.dylib
0x0000000002d99000 	/System/Library/Frameworks/CoreServices.framework/Versions/A/Frameworks/FSEvents.framework/Versions/A/FSEvents
0x0000000002d99000 	/System/Library/Frameworks/CoreServices.framework/Versions/A/Frameworks/CarbonCore.framework/Versions/A/CarbonCore
0x0000000002d99000 	/System/Library/Frameworks/CoreServices.framework/Versions/A/Frameworks/Metadata.framework/Versions/A/Metadata
0x0000000002d99000 	/System/Library/Frameworks/CoreServices.framework/Versions/A/Frameworks/OSServices.framework/Versions/A/OSServices
0x0000000002d99000 	/System/Library/Frameworks/CoreServices.framework/Versions/A/Frameworks/SearchKit.framework/Versions/A/SearchKit
0x0000000002d99000 	/System/Library/Frameworks/CoreServices.framework/Versions/A/Frameworks/AE.framework/Versions/A/AE
0x0000000002d99000 	/System/Library/Frameworks/CoreServices.framework/Versions/A/Frameworks/LaunchServices.framework/Versions/A/LaunchServices
0x0000000002d99000 	/System/Library/Frameworks/CoreServices.framework/Versions/A/Frameworks/DictionaryServices.framework/Versions/A/DictionaryServices
0x0000000002d99000 	/System/Library/Frameworks/CoreServices.framework/Versions/A/Frameworks/SharedFileList.framework/Versions/A/SharedFileList
0x0000000002d99000 	/System/Library/Frameworks/NetFS.framework/Versions/A/NetFS
0x0000000002d99000 	/System/Library/PrivateFrameworks/NetAuth.framework/Versions/A/NetAuth
0x0000000002d99000 	/System/Library/PrivateFrameworks/login.framework/Versions/A/Frameworks/loginsupport.framework/Versions/A/loginsupport
0x0000000002d99000 	/System/Library/PrivateFrameworks/TCC.framework/Versions/A/TCC
0x0000000002d99000 	/usr/lib/libmecabra.dylib
0x0000000002d99000 	/System/Library/Frameworks/ApplicationServices.framework/Versions/A/Frameworks/ATS.framework/Versions/A/ATS
0x0000000002d99000 	/System/Library/Frameworks/ApplicationServices.framework/Versions/A/Frameworks/ColorSync.framework/Versions/A/ColorSync
0x0000000002d99000 	/System/Library/Frameworks/ApplicationServices.framework/Versions/A/Frameworks/HIServices.framework/Versions/A/HIServices
0x0000000002d99000 	/System/Library/Frameworks/ApplicationServices.framework/Versions/A/Frameworks/LangAnalysis.framework/Versions/A/LangAnalysis
0x0000000002d99000 	/System/Library/Frameworks/ApplicationServices.framework/Versions/A/Frameworks/PrintCore.framework/Versions/A/PrintCore
0x0000000002d99000 	/System/Library/Frameworks/ApplicationServices.framework/Versions/A/Frameworks/QD.framework/Versions/A/QD
0x0000000002d99000 	/System/Library/Frameworks/ApplicationServices.framework/Versions/A/Frameworks/SpeechSynthesis.framework/Versions/A/SpeechSynthesis
0x0000000002d99000 	/System/Library/Frameworks/Metal.framework/Versions/A/Metal
0x0000000002d99000 	/System/Library/Frameworks/Accelerate.framework/Versions/A/Frameworks/vImage.framework/Versions/A/vImage
0x0000000002d99000 	/System/Library/Frameworks/Accelerate.framework/Versions/A/Frameworks/vecLib.framework/Versions/A/vecLib
0x0000000002d99000 	/System/Library/Frameworks/Accelerate.framework/Versions/A/Frameworks/vecLib.framework/Versions/A/libvDSP.dylib
0x0000000002d99000 	/System/Library/Frameworks/Accelerate.framework/Versions/A/Frameworks/vecLib.framework/Versions/A/libvMisc.dylib
0x0000000002d99000 	/System/Library/Frameworks/Accelerate.framework/Versions/A/Frameworks/vecLib.framework/Versions/A/libLAPACK.dylib
0x0000000002d99000 	/System/Library/Frameworks/Accelerate.framework/Versions/A/Frameworks/vecLib.framework/Versions/A/libBLAS.dylib
0x0000000002d99000 	/System/Library/Frameworks/Accelerate.framework/Versions/A/Frameworks/vecLib.framework/Versions/A/libLinearAlgebra.dylib
0x0000000002d99000 	/System/Library/Frameworks/Accelerate.framework/Versions/A/Frameworks/vecLib.framework/Versions/A/libSparseBLAS.dylib
0x0000000002d99000 	/System/Library/PrivateFrameworks/GPUCompiler.framework/libmetal_timestamp.dylib
0x0000000002d99000 	/System/Library/Frameworks/OpenGL.framework/Versions/A/Libraries/libCoreFSCache.dylib
0x0000000002d99000 	/System/Library/PrivateFrameworks/IOAccelerator.framework/Versions/A/IOAccelerator
0x0000000002d99000 	/System/Library/Frameworks/ApplicationServices.framework/Versions/A/Frameworks/ATS.framework/Versions/A/Resources/libFontParser.dylib
0x0000000002d99000 	/System/Library/Frameworks/ApplicationServices.framework/Versions/A/Frameworks/ATS.framework/Versions/A/Resources/libFontRegistry.dylib
0x0000000002d99000 	/System/Library/PrivateFrameworks/AppleVPA.framework/Versions/A/AppleVPA
0x0000000002d99000 	/System/Library/PrivateFrameworks/AppleJPEG.framework/Versions/A/AppleJPEG
0x0000000002d99000 	/System/Library/Frameworks/ImageIO.framework/Versions/A/Resources/libJPEG.dylib
0x0000000002d99000 	/System/Library/Frameworks/ImageIO.framework/Versions/A/Resources/libTIFF.dylib
0x0000000002d99000 	/System/Library/Frameworks/ImageIO.framework/Versions/A/Resources/libPng.dylib
0x0000000002d99000 	/System/Library/Frameworks/ImageIO.framework/Versions/A/Resources/libGIF.dylib
0x0000000002d99000 	/System/Library/Frameworks/ImageIO.framework/Versions/A/Resources/libJP2.dylib
0x0000000002d99000 	/System/Library/Frameworks/ImageIO.framework/Versions/A/Resources/libRadiance.dylib
0x0000000002d99000 	/System/Library/Frameworks/CoreVideo.framework/Versions/A/CoreVideo
0x0000000002d99000 	/System/Library/Frameworks/OpenGL.framework/Versions/A/Libraries/libGLU.dylib
0x0000000002d99000 	/System/Library/Frameworks/OpenGL.framework/Versions/A/Libraries/libGFXShared.dylib
0x0000000002d99000 	/System/Library/Frameworks/OpenGL.framework/Versions/A/Libraries/libGL.dylib
0x0000000002d99000 	/System/Library/Frameworks/OpenGL.framework/Versions/A/Libraries/libGLImage.dylib
0x0000000002d99000 	/System/Library/Frameworks/OpenGL.framework/Versions/A/Libraries/libCVMSPluginSupport.dylib
0x0000000002d99000 	/System/Library/Frameworks/OpenGL.framework/Versions/A/Libraries/libCoreVMClient.dylib
0x0000000002d99000 	/usr/lib/libcups.2.dylib
0x0000000002d99000 	/System/Library/Frameworks/Kerberos.framework/Versions/A/Kerberos
0x0000000002d99000 	/System/Library/Frameworks/GSS.framework/Versions/A/GSS
0x0000000002d99000 	/usr/lib/libresolv.9.dylib
0x0000000002d99000 	/usr/lib/libiconv.2.dylib
0x0000000002d99000 	/System/Library/PrivateFrameworks/Heimdal.framework/Versions/A/Heimdal
0x0000000002d99000 	/usr/lib/libheimdal-asn1.dylib
0x0000000002d99000 	/System/Library/Frameworks/OpenDirectory.framework/Versions/A/OpenDirectory
0x0000000002d99000 	/System/Library/PrivateFrameworks/CommonAuth.framework/Versions/A/CommonAuth
0x0000000002d99000 	/System/Library/Frameworks/OpenDirectory.framework/Versions/A/Frameworks/CFOpenDirectory.framework/Versions/A/CFOpenDirectory
0x0000000002d99000 	/System/Library/Frameworks/SecurityFoundation.framework/Versions/A/SecurityFoundation
0x0000000002d99000 	/System/Library/PrivateFrameworks/LanguageModeling.framework/Versions/A/LanguageModeling
0x0000000002d99000 	/usr/lib/libmarisa.dylib
0x0000000002d99000 	/usr/lib/libChineseTokenizer.dylib
0x0000000002d99000 	/usr/lib/libcmph.dylib
0x0000000002d99000 	/usr/lib/libcompression.dylib
0x0000000002d99000 	/System/Library/Frameworks/ServiceManagement.framework/Versions/A/ServiceManagement
0x0000000002d99000 	/usr/lib/libxslt.1.dylib
0x0000000002d99000 	/System/Library/Frameworks/Carbon.framework/Versions/A/Frameworks/Ink.framework/Versions/A/Ink
0x0000000002d99000 	/usr/lib/libFosl_dynamic.dylib
0x0000000002d99000 	/System/Library/PrivateFrameworks/FaceCore.framework/Versions/A/FaceCore
0x0000000002d99000 	/System/Library/Frameworks/OpenCL.framework/Versions/A/OpenCL
0x0000000002d99000 	/System/Library/PrivateFrameworks/CrashReporterSupport.framework/Versions/A/CrashReporterSupport
0x0000000002d99000 	/System/Library/PrivateFrameworks/IconServices.framework/Versions/A/IconServices
0x0000000002d99000 	/System/Library/PrivateFrameworks/Apple80211.framework/Versions/A/Apple80211
0x0000000002d99000 	/System/Library/Frameworks/CoreWLAN.framework/Versions/A/CoreWLAN
0x0000000002d99000 	/System/Library/Frameworks/IOBluetooth.framework/Versions/A/IOBluetooth
0x0000000002d99000 	/System/Library/PrivateFrameworks/CoreWiFi.framework/Versions/A/CoreWiFi
0x0000000002d99000 	/System/Library/Frameworks/CoreBluetooth.framework/Versions/A/CoreBluetooth
0x0000000002d99000 	/System/Library/PrivateFrameworks/ChunkingLibrary.framework/Versions/A/ChunkingLibrary
0x0000000002d99000 	/System/Library/PrivateFrameworks/DebugSymbols.framework/Versions/A/DebugSymbols
0x0000000002d99000 	/System/Library/PrivateFrameworks/CoreSymbolication.framework/Versions/A/CoreSymbolication
0x0000000002d99000 	/System/Library/PrivateFrameworks/Symbolication.framework/Versions/A/Symbolication
0x0000000002d99000 	/System/Library/PrivateFrameworks/SpeechRecognitionCore.framework/Versions/A/SpeechRecognitionCore
0x0000000106e00000 	/Library/Java/JavaVirtualMachines/jdk1.8.0_40.jdk/Contents/Home/jre/lib/server/libjvm.dylib
0x0000000002d99000 	/usr/lib/libstdc++.6.dylib
0x000000010657b000 	/Library/Java/JavaVirtualMachines/jdk1.8.0_40.jdk/Contents/Home/jre/lib/libverify.dylib
0x0000000106589000 	/Library/Java/JavaVirtualMachines/jdk1.8.0_40.jdk/Contents/Home/jre/lib/libjava.dylib
0x00000001065c8000 	/Library/Java/JavaVirtualMachines/jdk1.8.0_40.jdk/Contents/Home/jre/lib/libzip.dylib
0x000000011b14e000 	/System/Library/Frameworks/JavaVM.framework/Frameworks/JavaRuntimeSupport.framework/JavaRuntimeSupport
0x00000001065e6000 	/System/Library/Frameworks/JavaVM.framework/Versions/A/Frameworks/JavaNativeFoundation.framework/Versions/A/JavaNativeFoundation
0x000000011b169000 	/System/Library/Frameworks/JavaVM.framework/Versions/A/JavaVM
0x0000000002d99000 	/System/Library/Frameworks/Carbon.framework/Versions/A/Carbon
0x000000011b176000 	/System/Library/PrivateFrameworks/JavaLaunching.framework/Versions/A/JavaLaunching
0x0000000002d99000 	/System/Library/Frameworks/Carbon.framework/Versions/A/Frameworks/CommonPanels.framework/Versions/A/CommonPanels
0x0000000002d99000 	/System/Library/Frameworks/Carbon.framework/Versions/A/Frameworks/Help.framework/Versions/A/Help
0x0000000002d99000 	/System/Library/Frameworks/Carbon.framework/Versions/A/Frameworks/ImageCapture.framework/Versions/A/ImageCapture
0x0000000002d99000 	/System/Library/Frameworks/Carbon.framework/Versions/A/Frameworks/OpenScripting.framework/Versions/A/OpenScripting
0x0000000002d99000 	/System/Library/Frameworks/Carbon.framework/Versions/A/Frameworks/Print.framework/Versions/A/Print
0x0000000002d99000 	/System/Library/Frameworks/Carbon.framework/Versions/A/Frameworks/SecurityHI.framework/Versions/A/SecurityHI
0x000000011cb2a000 	/Library/Java/JavaVirtualMachines/jdk1.8.0_40.jdk/Contents/Home/jre/lib/libprism_es2.dylib
0x0000000002d99000 	/System/Library/Frameworks/OpenGL.framework/Versions/A/Resources/GLEngine.bundle/GLEngine
0x0000000002d99000 	/System/Library/Frameworks/OpenGL.framework/Versions/A/Libraries/libGLProgrammability.dylib
0x000000011cbab000 	/System/Library/Extensions/AppleIntelHD5000GraphicsGLDriver.bundle/Contents/MacOS/AppleIntelHD5000GraphicsGLDriver
0x0000000002d99000 	/System/Library/PrivateFrameworks/GPUSupport.framework/Versions/A/Libraries/libGPUSupportMercury.dylib
0x0000000002d99000 	/System/Library/Frameworks/OpenGL.framework/Versions/A/Resources/GLRendererFloat.bundle/GLRendererFloat
0x0000000002d99000 	/System/Library/Frameworks/OpenCL.framework/Versions/A/Libraries/libcldcpuengine.dylib
0x0000000002d99000 	/System/Library/PrivateFrameworks/DiskImages.framework/Versions/A/DiskImages
0x0000000002d99000 	/System/Library/Frameworks/DiscRecording.framework/Versions/A/DiscRecording
0x0000000002d99000 	/usr/lib/libcsfde.dylib
0x0000000002d99000 	/usr/lib/libcurl.4.dylib
0x0000000002d99000 	/System/Library/PrivateFrameworks/MediaKit.framework/Versions/A/MediaKit
0x0000000002d99000 	/System/Library/PrivateFrameworks/ProtectedCloudStorage.framework/Versions/A/ProtectedCloudStorage
0x0000000002d99000 	/usr/lib/libCoreStorage.dylib
0x0000000002d99000 	/System/Library/PrivateFrameworks/EFILogin.framework/Versions/A/EFILogin
0x0000000002d99000 	/usr/lib/libutil.dylib
0x0000000002d99000 	/System/Library/PrivateFrameworks/FindMyDevice.framework/Versions/A/FindMyDevice
0x0000000002d99000 	/System/Library/Frameworks/LDAP.framework/Versions/A/LDAP
0x0000000002d99000 	/usr/lib/libsasl2.2.dylib
0x0000000002d99000 	/System/Library/PrivateFrameworks/CoreDaemon.framework/Versions/B/CoreDaemon
0x0000000002d99000 	/usr/lib/libcrypto.0.9.8.dylib
0x0000000002d99000 	/System/Library/PrivateFrameworks/AppleSRP.framework/Versions/A/AppleSRP
0x0000000002d99000 	/System/Library/PrivateFrameworks/TrustEvaluationAgent.framework/Versions/A/TrustEvaluationAgent
0x000000011d735000 	/Library/Java/JavaVirtualMachines/jdk1.8.0_40.jdk/Contents/Home/jre/lib/libglass.dylib
0x0000000002d99000 	/System/Library/PrivateFrameworks/CoreServicesInternal.framework/Versions/A/CoreServicesInternal
0x0000000002d99000 	/System/Library/CoreServices/RawCamera.bundle/Contents/MacOS/RawCamera
0x0000000002d99000 	/System/Library/Frameworks/CoreGraphics.framework/Versions/A/Resources/libRIP.A.dylib
0x0000000002d99000 	/System/Library/Frameworks/Accelerate.framework/Versions/A/Frameworks/vImage.framework/Versions/A/Libraries/libCGInterfaces.dylib
0x0000000002d99000 	/System/Library/PrivateFrameworks/FamilyControls.framework/Versions/A/FamilyControls
0x0000000002d99000 	/System/Library/PrivateFrameworks/CommerceKit.framework/Versions/A/Frameworks/CommerceCore.framework/Versions/A/CommerceCore
0x0000000002d99000 	/System/Library/PrivateFrameworks/SystemAdministration.framework/Versions/A/SystemAdministration
0x0000000002d99000 	/System/Library/PrivateFrameworks/AppContainer.framework/Versions/A/AppContainer
0x0000000002d99000 	/System/Library/PrivateFrameworks/SecCodeWrapper.framework/Versions/A/SecCodeWrapper
0x0000000002d99000 	/System/Library/Frameworks/DirectoryService.framework/Versions/A/DirectoryService
0x0000000002d99000 	/System/Library/PrivateFrameworks/LoginUIKit.framework/Versions/A/Frameworks/LoginUICore.framework/Versions/A/LoginUICore
0x0000000002d99000 	/usr/lib/libodfde.dylib
0x000000012018e000 	/Library/Java/JavaVirtualMachines/jdk1.8.0_40.jdk/Contents/Home/jre/lib/libnet.dylib
0x0000000120519000 	/Library/Java/JavaVirtualMachines/jdk1.8.0_40.jdk/Contents/Home/jre/lib/libjavafx_font.dylib
0x0000000002d99000 	/System/Library/Frameworks/CoreGraphics.framework/Versions/A/Resources/libCGXType.A.dylib
0x0000000120444000 	cl_kernels
0x0000000002d99000 	/System/Library/Frameworks/OpenCL.framework/Versions/A/Libraries/ImageFormats/unorm8_bgra.dylib
0x0000000002d99000 	/System/Library/Frameworks/OpenCL.framework/Versions/A/Libraries/ImageFormats/unorm8_rgba.dylib
0x0000000122a36000 	/Library/Java/JavaVirtualMachines/jdk1.8.0_40.jdk/Contents/Home/jre/lib/libprism_common.dylib
0x0000000122b10000 	/System/Library/Extensions/AppleIntelHD5000GraphicsMTLDriver.bundle/Contents/MacOS/AppleIntelHD5000GraphicsMTLDriver

VM Arguments:
jvm_args: -ea -Dfile.encoding=UTF-8 
java_command: application.WhiteboardClient
java_class_path (initial): /Users/Lucas/Documents/workspace/Whiteboard/bin:/Users/Lucas/Desktop/eclipse/plugins/org.eclipse.fx.ide.css.jfx8_1.1.0.201411050807.jar
Launcher Type: SUN_STANDARD

Environment Variables:
PATH=/usr/bin:/bin:/usr/sbin:/sbin
SHELL=/bin/bash

Signal Handlers:
SIGSEGV: [libjvm.dylib+0x58ef95], sa_mask[0]=11111111011111110111111111111111, sa_flags=SA_ONSTACK|SA_RESTART|SA_SIGINFO
SIGBUS: [libjvm.dylib+0x58ef95], sa_mask[0]=11111111011111110111111111111111, sa_flags=SA_RESTART|SA_SIGINFO
SIGFPE: [libjvm.dylib+0x46c118], sa_mask[0]=11111111011111110111111111111111, sa_flags=SA_RESTART|SA_SIGINFO
SIGPIPE: [libjvm.dylib+0x46c118], sa_mask[0]=11111111011111110111111111111111, sa_flags=SA_RESTART|SA_SIGINFO
SIGXFSZ: [libjvm.dylib+0x46c118], sa_mask[0]=11111111011111110111111111111111, sa_flags=SA_RESTART|SA_SIGINFO
SIGILL: [libjvm.dylib+0x46c118], sa_mask[0]=11111111011111110111111111111111, sa_flags=SA_RESTART|SA_SIGINFO
SIGUSR1: SIG_DFL, sa_mask[0]=00000000000000000000000000000000, sa_flags=none
SIGUSR2: [libjvm.dylib+0x46bc36], sa_mask[0]=00100000000000000000000000000000, sa_flags=SA_RESTART|SA_SIGINFO
SIGHUP: [libjvm.dylib+0x46a209], sa_mask[0]=11111111011111110111111111111111, sa_flags=SA_RESTART|SA_SIGINFO
SIGINT: [libjvm.dylib+0x46a209], sa_mask[0]=11111111011111110111111111111111, sa_flags=SA_RESTART|SA_SIGINFO
SIGTERM: [libjvm.dylib+0x46a209], sa_mask[0]=11111111011111110111111111111111, sa_flags=SA_RESTART|SA_SIGINFO
SIGQUIT: [libjvm.dylib+0x46a209], sa_mask[0]=11111111011111110111111111111111, sa_flags=SA_RESTART|SA_SIGINFO


---------------  S Y S T E M  ---------------

OS:Bsduname:Darwin 15.0.0 Darwin Kernel Version 15.0.0: Wed Aug 26 16:57:32 PDT 2015; root:xnu-3247.1.106~1/RELEASE_X86_64 x86_64
rlimit: STACK 8192k, CORE 0k, NPROC 709, NOFILE 10240, AS infinity
load average:2.07 1.73 1.75

CPU:total 4 (2 cores per cpu, 2 threads per core) family 6 model 69 stepping 1, cmov, cx8, fxsr, mmx, sse, sse2, sse3, ssse3, sse4.1, sse4.2, popcnt, avx, avx2, aes, clmul, erms, lzcnt, ht, tsc, tscinvbit, bmi1, bmi2

Memory: 4k page, physical 4194304k(241792k free)

/proc/meminfo:


vm_info: Java HotSpot(TM) 64-Bit Server VM (25.40-b25) for bsd-amd64 JRE (1.8.0_40-b25), built on Feb 10 2015 21:07:25 by "java_re" with gcc 4.2.1 (Based on Apple Inc. build 5658) (LLVM build 2336.11.00)

time: Tue Oct  6 22:02:00 2015
elapsed time: 41 seconds (0d 0h 0m 41s)

